#! /usr/local/iverilog/bin/vvp
:ivl_version "11.0 (devel)" "(s20150603-642-g3bdb50da)";
:ivl_delay_selection "TYPICAL";
:vpi_time_precision - 12;
:vpi_module "system";
:vpi_module "vhdl_sys";
:vpi_module "vhdl_textio";
:vpi_module "v2005_math";
:vpi_module "va_math";
S_0000000000fde040 .scope module, "tb_sp_noise_removal" "tb_sp_noise_removal" 2 10;
 .timescale -9 -12;
v00000000010e1660_0 .var "clk", 0 0;
v00000000010e1ac0_0 .var "data_i", 59 0;
v00000000010e1980_0 .net "data_o", 11 0, v00000000010f7d60_0;  1 drivers
v00000000010e1b60_0 .var "en_i", 0 0;
v00000000010e21a0_0 .net "en_o", 0 0, v00000000010f7b80_0;  1 drivers
v00000000010e22e0_0 .var "rst_n", 0 0;
S_0000000000fde1d0 .scope module, "inst0" "sp_noise_removal" 2 21, 3 13 0, S_0000000000fde040;
 .timescale -9 -12;
    .port_info 0 /INPUT 1 "clk";
    .port_info 1 /INPUT 1 "rst_n";
    .port_info 2 /INPUT 1 "en_i";
    .port_info 3 /INPUT 60 "data_i";
    .port_info 4 /OUTPUT 12 "data_o";
    .port_info 5 /OUTPUT 1 "en_o";
P_00000000010ec260 .param/l "BWIDTH" 0 3 14, +C4<00000000000000000000000000000101>;
P_00000000010ec298 .param/l "DATADEPTH" 0 3 13, +C4<00000000000000000000000000001100>;
P_00000000010ec2d0 .param/l "QUAN_WIDTH" 0 3 24, +C4<00000000000000000000000000000111>;
P_00000000010ec308 .param/l "SIGMA" 0 3 15, +C4<00000000000000000000000010100000>;
P_00000000010ec340 .param/l "THRE_WIDTH" 0 3 25, +C4<000000000000000000000000000001111>;
v00000000010f8300_0 .net *"_s11", 0 0, L_00000000010e0ee0;  1 drivers
L_00000000014a5b88 .functor BUFT 1, C4<0111111111111>, C4<0>, C4<0>, C4<0>;
v00000000010f9200_0 .net/2u *"_s13", 12 0, L_00000000014a5b88;  1 drivers
v00000000010f9020_0 .net *"_s15", 12 0, L_00000000010e2380;  1 drivers
v00000000010f84e0_0 .net *"_s5", 31 0, L_00000000010e1de0;  1 drivers
L_00000000014a5af8 .functor BUFT 1, C4<0000000000000000000>, C4<0>, C4<0>, C4<0>;
v00000000010f77c0_0 .net *"_s8", 18 0, L_00000000014a5af8;  1 drivers
L_00000000014a5b40 .functor BUFT 1, C4<00000000000000000000111111111111>, C4<0>, C4<0>, C4<0>;
v00000000010f86c0_0 .net/2u *"_s9", 31 0, L_00000000014a5b40;  1 drivers
v00000000010f8da0 .array "cal_block_r", 4 0, 59 0;
v00000000010f7f40_0 .var "center_tap1", 11 0;
v00000000010f8800_0 .var "center_tap2", 11 0;
v00000000010f8080_0 .net "clk", 0 0, v00000000010e1660_0;  1 drivers
v00000000010f88a0_0 .var "d_intp1_r1", 12 0;
v00000000010f92a0_0 .var "d_intp1_r2", 12 0;
v00000000010f9160_0 .net "data_i", 59 0, v00000000010e1ac0_0;  1 drivers
v00000000010f7d60_0 .var "data_o", 11 0;
v00000000010f7ae0_0 .net "en_i", 0 0, v00000000010e1b60_0;  1 drivers
v00000000010f7b80_0 .var "en_o", 0 0;
v00000000010f8e40_0 .var "grad_d_r", 12 0;
v00000000010f7e00_0 .var "grad_d_r1", 11 0;
v00000000010f7c20_0 .var "grad_d_r2", 11 0;
v00000000010f7ea0_0 .var "grad_h_r", 12 0;
v00000000010f89e0_0 .var "grad_h_r1", 11 0;
v00000000010f8bc0_0 .var "grad_h_r2", 11 0;
v00000000010f8ee0_0 .net "grad_min", 12 0, L_00000000010e1f20;  1 drivers
v00000000010f7860_0 .var "grad_v_r", 12 0;
v00000000010f9340_0 .var "grad_v_r1", 11 0;
v00000000010f93e0_0 .var "grad_v_r2", 11 0;
v00000000010f7540_0 .var "grad_z_r", 12 0;
v00000000010f7fe0_0 .var "grad_z_r1", 11 0;
v00000000010f75e0_0 .var "grad_z_r2", 11 0;
v00000000010f7900_0 .var "h_intp1_r1", 12 0;
v00000000010f79a0_0 .var "h_intp1_r2", 12 0;
v00000000010f7cc0_0 .net "intp_cliped", 11 0, L_00000000010e17a0;  1 drivers
v00000000010f7a40_0 .var "intp_d_r", 12 0;
v00000000010f8120_0 .var "intp_h_r", 12 0;
v00000000010f8260_0 .var "intp_result", 12 0;
v00000000010e1c00_0 .var "intp_v_r", 12 0;
v00000000010e2920_0 .var "intp_z_r", 12 0;
v00000000010e29c0_0 .net "rst_n", 0 0, v00000000010e22e0_0;  1 drivers
v00000000010e1e80 .array "taps", 5 0, 0 0;
v00000000010e1840_0 .net "test1", 11 0, L_00000000010e1340;  1 drivers
v00000000010e1fc0_0 .net "test2", 11 0, L_00000000010e1ca0;  1 drivers
L_00000000014a5bd0 .functor BUFT 1, C4<000001010101000>, C4<0>, C4<0>, C4<0>;
v00000000010e2060_0 .net "thre_w", 14 0, L_00000000014a5bd0;  1 drivers
v00000000010e2a60_0 .var "v_intp1_r1", 12 0;
v00000000010e1480_0 .var "v_intp1_r2", 12 0;
v00000000010e0e40_0 .var "z_intp1_r1", 12 0;
v00000000010e2600_0 .var "z_intp1_r2", 12 0;
E_00000000010f4f80/0 .event edge, v00000000010f7b80_0, v00000000010f8800_0, v00000000010f8260_0, v00000000010e2060_0;
E_00000000010f4f80/1 .event edge, v00000000010f7cc0_0;
E_00000000010f4f80 .event/or E_00000000010f4f80/0, E_00000000010f4f80/1;
E_00000000010f5080/0 .event edge, v00000000010f90c0_0, v00000000010f8120_0, v00000000010f8f80_0, v00000000010e1c00_0;
E_00000000010f5080/1 .event edge, v00000000010f8620_0, v00000000010f7a40_0, v00000000010f83a0_0, v00000000010e2920_0;
E_00000000010f5080/2 .event edge, v00000000010f8760_0;
E_00000000010f5080 .event/or E_00000000010f5080/0, E_00000000010f5080/1, E_00000000010f5080/2;
v00000000010f8da0_0 .array/port v00000000010f8da0, 0;
L_00000000010e1340 .part v00000000010f8da0_0, 48, 12;
L_00000000010e1ca0 .part v00000000010e1ac0_0, 0, 12;
L_00000000010e1de0 .concat [ 13 19 0 0], v00000000010f8260_0, L_00000000014a5af8;
L_00000000010e0ee0 .cmp/gt 32, L_00000000010e1de0, L_00000000014a5b40;
L_00000000010e2380 .functor MUXZ 13, v00000000010f8260_0, L_00000000014a5b88, L_00000000010e0ee0, C4<>;
L_00000000010e17a0 .part L_00000000010e2380, 0, 12;
S_0000000001097cd0 .scope function.vec4.s13, "abs" "abs" 3 305, 3 305 0, S_0000000000fde1d0;
 .timescale -9 -12;
; Variable abs is vec4 return value of scope S_0000000001097cd0
v00000000010f7720_0 .var "op1", 11 0;
v00000000010f7680_0 .var "op2", 11 0;
TD_tb_sp_noise_removal.inst0.abs ;
    %load/vec4 v00000000010f7680_0;
    %load/vec4 v00000000010f7720_0;
    %cmp/u;
    %flag_mov 8, 5;
    %jmp/0 T_0.0, 8;
    %load/vec4 v00000000010f7720_0;
    %pad/u 13;
    %load/vec4 v00000000010f7680_0;
    %pad/u 13;
    %sub;
    %jmp/1 T_0.1, 8;
T_0.0 ; End of true expr.
    %load/vec4 v00000000010f7680_0;
    %pad/u 13;
    %load/vec4 v00000000010f7720_0;
    %pad/u 13;
    %sub;
    %jmp/0 T_0.1, 8;
 ; End of false expr.
    %blend;
T_0.1;
    %ret/vec4 0, 0, 13;  Assign to abs (store_vec4_to_lval)
    %end;
S_0000000001097e60 .scope generate, "genblk1[1]" "genblk1[1]" 3 68, 3 68 0, S_0000000000fde1d0;
 .timescale -9 -12;
P_00000000010f4e80 .param/l "i" 0 3 68, +C4<01>;
E_00000000010f4740/0 .event negedge, v00000000010e29c0_0;
E_00000000010f4740/1 .event posedge, v00000000010f8080_0;
E_00000000010f4740 .event/or E_00000000010f4740/0, E_00000000010f4740/1;
S_000000000109a260 .scope generate, "genblk1[2]" "genblk1[2]" 3 68, 3 68 0, S_0000000000fde1d0;
 .timescale -9 -12;
P_00000000010f4ec0 .param/l "i" 0 3 68, +C4<010>;
S_000000000109a3f0 .scope generate, "genblk1[3]" "genblk1[3]" 3 68, 3 68 0, S_0000000000fde1d0;
 .timescale -9 -12;
P_00000000010f5200 .param/l "i" 0 3 68, +C4<011>;
S_000000000109a580 .scope generate, "genblk1[4]" "genblk1[4]" 3 68, 3 68 0, S_0000000000fde1d0;
 .timescale -9 -12;
P_00000000010f4b00 .param/l "i" 0 3 68, +C4<0100>;
S_00000000014a2010 .scope generate, "genblk1[5]" "genblk1[5]" 3 68, 3 68 0, S_0000000000fde1d0;
 .timescale -9 -12;
P_00000000010f5380 .param/l "i" 0 3 68, +C4<0101>;
S_00000000014a21a0 .scope generate, "genblk4[0]" "genblk4[0]" 3 113, 3 113 0, S_0000000000fde1d0;
 .timescale -9 -12;
P_00000000010f4b80 .param/l "i" 0 3 113, +C4<00>;
S_00000000014a2330 .scope generate, "genblk4[1]" "genblk4[1]" 3 113, 3 113 0, S_0000000000fde1d0;
 .timescale -9 -12;
P_00000000010f4fc0 .param/l "i" 0 3 113, +C4<01>;
S_00000000014a24c0 .scope generate, "genblk4[2]" "genblk4[2]" 3 113, 3 113 0, S_0000000000fde1d0;
 .timescale -9 -12;
P_00000000010f4f00 .param/l "i" 0 3 113, +C4<010>;
S_00000000014a2e60 .scope generate, "genblk4[3]" "genblk4[3]" 3 113, 3 113 0, S_0000000000fde1d0;
 .timescale -9 -12;
P_00000000010f4a40 .param/l "i" 0 3 113, +C4<011>;
S_00000000014a2ff0 .scope generate, "genblk4[4]" "genblk4[4]" 3 113, 3 113 0, S_0000000000fde1d0;
 .timescale -9 -12;
P_00000000010f5340 .param/l "i" 0 3 113, +C4<0100>;
S_00000000014a3180 .scope module, "inst1" "min" 3 278, 4 1 0, S_0000000000fde1d0;
 .timescale -9 -12;
    .port_info 0 /INPUT 13 "op1";
    .port_info 1 /INPUT 13 "op2";
    .port_info 2 /INPUT 13 "op3";
    .port_info 3 /INPUT 13 "op4";
    .port_info 4 /OUTPUT 13 "min";
P_00000000010f5480 .param/l "DATADEPTH" 0 4 1, +C4<000000000000000000000000000001101>;
v00000000010f8580_0 .net *"_s0", 0 0, L_00000000010e12a0;  1 drivers
v00000000010f8a80_0 .net *"_s4", 0 0, L_00000000010e1d40;  1 drivers
v00000000010f8940_0 .net *"_s8", 0 0, L_00000000010e0c60;  1 drivers
v00000000010f8440_0 .net "comp_result1_w", 12 0, L_00000000010e13e0;  1 drivers
v00000000010f8c60_0 .net "comp_result2_w", 12 0, L_00000000010e1020;  1 drivers
v00000000010f90c0_0 .net "min", 12 0, L_00000000010e1f20;  alias, 1 drivers
v00000000010f8f80_0 .net "op1", 12 0, v00000000010f7ea0_0;  1 drivers
v00000000010f8620_0 .net "op2", 12 0, v00000000010f7860_0;  1 drivers
v00000000010f83a0_0 .net "op3", 12 0, v00000000010f8e40_0;  1 drivers
v00000000010f8760_0 .net "op4", 12 0, v00000000010f7540_0;  1 drivers
L_00000000010e12a0 .cmp/gt 13, v00000000010f7ea0_0, v00000000010f7860_0;
L_00000000010e13e0 .functor MUXZ 13, v00000000010f7ea0_0, v00000000010f7860_0, L_00000000010e12a0, C4<>;
L_00000000010e1d40 .cmp/gt 13, v00000000010f8e40_0, v00000000010f7540_0;
L_00000000010e1020 .functor MUXZ 13, v00000000010f8e40_0, v00000000010f7540_0, L_00000000010e1d40, C4<>;
L_00000000010e0c60 .cmp/gt 13, L_00000000010e13e0, L_00000000010e1020;
L_00000000010e1f20 .functor MUXZ 13, L_00000000010e13e0, L_00000000010e1020, L_00000000010e0c60, C4<>;
S_00000000014a3310 .scope generate, "out_refresh_loop[0]" "out_refresh_loop[0]" 3 98, 3 98 0, S_0000000000fde1d0;
 .timescale -9 -12;
P_00000000010f52c0 .param/l "i" 0 3 98, +C4<00>;
S_00000000014a34a0 .scope generate, "inner_refresh_loop[1]" "inner_refresh_loop[1]" 3 99, 3 99 0, S_00000000014a3310;
 .timescale -9 -12;
P_00000000010f5000 .param/l "j" 0 3 99, +C4<01>;
S_00000000014a3630 .scope generate, "inner_refresh_loop[2]" "inner_refresh_loop[2]" 3 99, 3 99 0, S_00000000014a3310;
 .timescale -9 -12;
P_00000000010f4800 .param/l "j" 0 3 99, +C4<010>;
S_000000000114c910 .scope generate, "inner_refresh_loop[3]" "inner_refresh_loop[3]" 3 99, 3 99 0, S_00000000014a3310;
 .timescale -9 -12;
P_00000000010f48c0 .param/l "j" 0 3 99, +C4<011>;
S_000000000114c2d0 .scope generate, "inner_refresh_loop[4]" "inner_refresh_loop[4]" 3 99, 3 99 0, S_00000000014a3310;
 .timescale -9 -12;
P_00000000010f4900 .param/l "j" 0 3 99, +C4<0100>;
S_000000000114c460 .scope generate, "inner_refresh_loop[5]" "inner_refresh_loop[5]" 3 99, 3 99 0, S_00000000014a3310;
 .timescale -9 -12;
P_00000000010f4940 .param/l "j" 0 3 99, +C4<0101>;
S_000000000114c5f0 .scope generate, "out_refresh_loop[1]" "out_refresh_loop[1]" 3 98, 3 98 0, S_0000000000fde1d0;
 .timescale -9 -12;
P_00000000010f53c0 .param/l "i" 0 3 98, +C4<01>;
S_000000000114caa0 .scope generate, "inner_refresh_loop[1]" "inner_refresh_loop[1]" 3 99, 3 99 0, S_000000000114c5f0;
 .timescale -9 -12;
P_00000000010f4980 .param/l "j" 0 3 99, +C4<01>;
S_000000000114c780 .scope generate, "inner_refresh_loop[2]" "inner_refresh_loop[2]" 3 99, 3 99 0, S_000000000114c5f0;
 .timescale -9 -12;
P_00000000010f49c0 .param/l "j" 0 3 99, +C4<010>;
S_000000000114cc30 .scope generate, "inner_refresh_loop[3]" "inner_refresh_loop[3]" 3 99, 3 99 0, S_000000000114c5f0;
 .timescale -9 -12;
P_00000000010f4d80 .param/l "j" 0 3 99, +C4<011>;
S_000000000114cdc0 .scope generate, "inner_refresh_loop[4]" "inner_refresh_loop[4]" 3 99, 3 99 0, S_000000000114c5f0;
 .timescale -9 -12;
P_00000000010f5400 .param/l "j" 0 3 99, +C4<0100>;
S_000000000114cf50 .scope generate, "inner_refresh_loop[5]" "inner_refresh_loop[5]" 3 99, 3 99 0, S_000000000114c5f0;
 .timescale -9 -12;
P_00000000010f4bc0 .param/l "j" 0 3 99, +C4<0101>;
S_000000000114c140 .scope generate, "out_refresh_loop[2]" "out_refresh_loop[2]" 3 98, 3 98 0, S_0000000000fde1d0;
 .timescale -9 -12;
P_00000000010f4a80 .param/l "i" 0 3 98, +C4<010>;
S_00000000014a4620 .scope generate, "inner_refresh_loop[1]" "inner_refresh_loop[1]" 3 99, 3 99 0, S_000000000114c140;
 .timescale -9 -12;
P_00000000010f4ac0 .param/l "j" 0 3 99, +C4<01>;
S_00000000014a3cc0 .scope generate, "inner_refresh_loop[2]" "inner_refresh_loop[2]" 3 99, 3 99 0, S_000000000114c140;
 .timescale -9 -12;
P_00000000010f4c00 .param/l "j" 0 3 99, +C4<010>;
S_00000000014a39a0 .scope generate, "inner_refresh_loop[3]" "inner_refresh_loop[3]" 3 99, 3 99 0, S_000000000114c140;
 .timescale -9 -12;
P_00000000010f4c80 .param/l "j" 0 3 99, +C4<011>;
S_00000000014a4f80 .scope generate, "inner_refresh_loop[4]" "inner_refresh_loop[4]" 3 99, 3 99 0, S_000000000114c140;
 .timescale -9 -12;
P_00000000010f4cc0 .param/l "j" 0 3 99, +C4<0100>;
S_00000000014a4300 .scope generate, "inner_refresh_loop[5]" "inner_refresh_loop[5]" 3 99, 3 99 0, S_000000000114c140;
 .timescale -9 -12;
P_00000000010f5440 .param/l "j" 0 3 99, +C4<0101>;
S_00000000014a3b30 .scope generate, "out_refresh_loop[3]" "out_refresh_loop[3]" 3 98, 3 98 0, S_0000000000fde1d0;
 .timescale -9 -12;
P_00000000010f5040 .param/l "i" 0 3 98, +C4<011>;
S_00000000014a3810 .scope generate, "inner_refresh_loop[1]" "inner_refresh_loop[1]" 3 99, 3 99 0, S_00000000014a3b30;
 .timescale -9 -12;
P_00000000010f5180 .param/l "j" 0 3 99, +C4<01>;
S_00000000014a4490 .scope generate, "inner_refresh_loop[2]" "inner_refresh_loop[2]" 3 99, 3 99 0, S_00000000014a3b30;
 .timescale -9 -12;
P_00000000010f51c0 .param/l "j" 0 3 99, +C4<010>;
S_00000000014a4c60 .scope generate, "inner_refresh_loop[3]" "inner_refresh_loop[3]" 3 99, 3 99 0, S_00000000014a3b30;
 .timescale -9 -12;
P_00000000010f5280 .param/l "j" 0 3 99, +C4<011>;
S_00000000014a4df0 .scope generate, "inner_refresh_loop[4]" "inner_refresh_loop[4]" 3 99, 3 99 0, S_00000000014a3b30;
 .timescale -9 -12;
P_00000000010f2080 .param/l "j" 0 3 99, +C4<0100>;
S_00000000014a47b0 .scope generate, "inner_refresh_loop[5]" "inner_refresh_loop[5]" 3 99, 3 99 0, S_00000000014a3b30;
 .timescale -9 -12;
P_000000000109ed20 .param/l "j" 0 3 99, +C4<0101>;
S_00000000014a4940 .scope generate, "out_refresh_loop[4]" "out_refresh_loop[4]" 3 98, 3 98 0, S_0000000000fde1d0;
 .timescale -9 -12;
P_000000000109e7e0 .param/l "i" 0 3 98, +C4<0100>;
S_00000000014a4ad0 .scope generate, "inner_refresh_loop[1]" "inner_refresh_loop[1]" 3 99, 3 99 0, S_00000000014a4940;
 .timescale -9 -12;
P_000000000109e820 .param/l "j" 0 3 99, +C4<01>;
S_00000000014a4170 .scope generate, "inner_refresh_loop[2]" "inner_refresh_loop[2]" 3 99, 3 99 0, S_00000000014a4940;
 .timescale -9 -12;
P_000000000109e860 .param/l "j" 0 3 99, +C4<010>;
S_00000000014a5110 .scope generate, "inner_refresh_loop[3]" "inner_refresh_loop[3]" 3 99, 3 99 0, S_00000000014a4940;
 .timescale -9 -12;
P_000000000109e8a0 .param/l "j" 0 3 99, +C4<011>;
S_00000000014a52a0 .scope generate, "inner_refresh_loop[4]" "inner_refresh_loop[4]" 3 99, 3 99 0, S_00000000014a4940;
 .timescale -9 -12;
P_000000000109ef60 .param/l "j" 0 3 99, +C4<0100>;
S_00000000014a5430 .scope generate, "inner_refresh_loop[5]" "inner_refresh_loop[5]" 3 99, 3 99 0, S_00000000014a4940;
 .timescale -9 -12;
P_000000000109ed60 .param/l "j" 0 3 99, +C4<0101>;
    .scope S_0000000001097e60;
T_1 ;
    %wait E_00000000010f4740;
    %load/vec4 v00000000010e29c0_0;
    %nor/r;
    %flag_set/vec4 8;
    %jmp/0xz  T_1.0, 8;
    %pushi/vec4 0, 0, 1;
    %ix/load 3, 1, 0;
    %flag_set/imm 4, 0;
    %ix/load 4, 0, 0; Constant delay
    %assign/vec4/a/d v00000000010e1e80, 0, 4;
    %jmp T_1.1;
T_1.0 ;
    %ix/load 4, 0, 0;
    %flag_set/imm 4, 0;
    %load/vec4a v00000000010e1e80, 4;
    %ix/load 3, 1, 0;
    %flag_set/imm 4, 0;
    %ix/load 4, 0, 0; Constant delay
    %assign/vec4/a/d v00000000010e1e80, 0, 4;
T_1.1 ;
    %jmp T_1;
    .thread T_1;
    .scope S_000000000109a260;
T_2 ;
    %wait E_00000000010f4740;
    %load/vec4 v00000000010e29c0_0;
    %nor/r;
    %flag_set/vec4 8;
    %jmp/0xz  T_2.0, 8;
    %pushi/vec4 0, 0, 1;
    %ix/load 3, 2, 0;
    %flag_set/imm 4, 0;
    %ix/load 4, 0, 0; Constant delay
    %assign/vec4/a/d v00000000010e1e80, 0, 4;
    %jmp T_2.1;
T_2.0 ;
    %ix/load 4, 1, 0;
    %flag_set/imm 4, 0;
    %load/vec4a v00000000010e1e80, 4;
    %ix/load 3, 2, 0;
    %flag_set/imm 4, 0;
    %ix/load 4, 0, 0; Constant delay
    %assign/vec4/a/d v00000000010e1e80, 0, 4;
T_2.1 ;
    %jmp T_2;
    .thread T_2;
    .scope S_000000000109a3f0;
T_3 ;
    %wait E_00000000010f4740;
    %load/vec4 v00000000010e29c0_0;
    %nor/r;
    %flag_set/vec4 8;
    %jmp/0xz  T_3.0, 8;
    %pushi/vec4 0, 0, 1;
    %ix/load 3, 3, 0;
    %flag_set/imm 4, 0;
    %ix/load 4, 0, 0; Constant delay
    %assign/vec4/a/d v00000000010e1e80, 0, 4;
    %jmp T_3.1;
T_3.0 ;
    %ix/load 4, 2, 0;
    %flag_set/imm 4, 0;
    %load/vec4a v00000000010e1e80, 4;
    %ix/load 3, 3, 0;
    %flag_set/imm 4, 0;
    %ix/load 4, 0, 0; Constant delay
    %assign/vec4/a/d v00000000010e1e80, 0, 4;
T_3.1 ;
    %jmp T_3;
    .thread T_3;
    .scope S_000000000109a580;
T_4 ;
    %wait E_00000000010f4740;
    %load/vec4 v00000000010e29c0_0;
    %nor/r;
    %flag_set/vec4 8;
    %jmp/0xz  T_4.0, 8;
    %pushi/vec4 0, 0, 1;
    %ix/load 3, 4, 0;
    %flag_set/imm 4, 0;
    %ix/load 4, 0, 0; Constant delay
    %assign/vec4/a/d v00000000010e1e80, 0, 4;
    %jmp T_4.1;
T_4.0 ;
    %ix/load 4, 3, 0;
    %flag_set/imm 4, 0;
    %load/vec4a v00000000010e1e80, 4;
    %ix/load 3, 4, 0;
    %flag_set/imm 4, 0;
    %ix/load 4, 0, 0; Constant delay
    %assign/vec4/a/d v00000000010e1e80, 0, 4;
T_4.1 ;
    %jmp T_4;
    .thread T_4;
    .scope S_00000000014a2010;
T_5 ;
    %wait E_00000000010f4740;
    %load/vec4 v00000000010e29c0_0;
    %nor/r;
    %flag_set/vec4 8;
    %jmp/0xz  T_5.0, 8;
    %pushi/vec4 0, 0, 1;
    %ix/load 3, 5, 0;
    %flag_set/imm 4, 0;
    %ix/load 4, 0, 0; Constant delay
    %assign/vec4/a/d v00000000010e1e80, 0, 4;
    %jmp T_5.1;
T_5.0 ;
    %ix/load 4, 4, 0;
    %flag_set/imm 4, 0;
    %load/vec4a v00000000010e1e80, 4;
    %ix/load 3, 5, 0;
    %flag_set/imm 4, 0;
    %ix/load 4, 0, 0; Constant delay
    %assign/vec4/a/d v00000000010e1e80, 0, 4;
T_5.1 ;
    %jmp T_5;
    .thread T_5;
    .scope S_00000000014a34a0;
T_6 ;
    %wait E_00000000010f4740;
    %load/vec4 v00000000010e29c0_0;
    %nor/r;
    %flag_set/vec4 8;
    %jmp/0xz  T_6.0, 8;
    %pushi/vec4 0, 0, 12;
    %ix/load 3, 0, 0;
    %flag_set/imm 4, 0;
    %ix/load 4, 0, 0; Constant delay
    %assign/vec4/a/d v00000000010f8da0, 0, 4;
    %jmp T_6.1;
T_6.0 ;
    %ix/load 4, 0, 0;
    %flag_set/imm 4, 0;
    %load/vec4a v00000000010f8da0, 4;
    %parti/s 12, 0, 2;
    %ix/load 3, 0, 0;
    %flag_set/imm 4, 0;
    %ix/load 4, 12, 0; part off
    %ix/load 5, 0, 0; Constant delay
    %assign/vec4/a/d v00000000010f8da0, 4, 5;
T_6.1 ;
    %jmp T_6;
    .thread T_6;
    .scope S_00000000014a3630;
T_7 ;
    %wait E_00000000010f4740;
    %load/vec4 v00000000010e29c0_0;
    %nor/r;
    %flag_set/vec4 8;
    %jmp/0xz  T_7.0, 8;
    %pushi/vec4 0, 0, 12;
    %ix/load 3, 0, 0;
    %flag_set/imm 4, 0;
    %ix/load 4, 12, 0; part off
    %ix/load 5, 0, 0; Constant delay
    %assign/vec4/a/d v00000000010f8da0, 4, 5;
    %jmp T_7.1;
T_7.0 ;
    %ix/load 4, 0, 0;
    %flag_set/imm 4, 0;
    %load/vec4a v00000000010f8da0, 4;
    %parti/s 12, 12, 5;
    %ix/load 3, 0, 0;
    %flag_set/imm 4, 0;
    %ix/load 4, 24, 0; part off
    %ix/load 5, 0, 0; Constant delay
    %assign/vec4/a/d v00000000010f8da0, 4, 5;
T_7.1 ;
    %jmp T_7;
    .thread T_7;
    .scope S_000000000114c910;
T_8 ;
    %wait E_00000000010f4740;
    %load/vec4 v00000000010e29c0_0;
    %nor/r;
    %flag_set/vec4 8;
    %jmp/0xz  T_8.0, 8;
    %pushi/vec4 0, 0, 12;
    %ix/load 3, 0, 0;
    %flag_set/imm 4, 0;
    %ix/load 4, 24, 0; part off
    %ix/load 5, 0, 0; Constant delay
    %assign/vec4/a/d v00000000010f8da0, 4, 5;
    %jmp T_8.1;
T_8.0 ;
    %ix/load 4, 0, 0;
    %flag_set/imm 4, 0;
    %load/vec4a v00000000010f8da0, 4;
    %parti/s 12, 24, 6;
    %ix/load 3, 0, 0;
    %flag_set/imm 4, 0;
    %ix/load 4, 36, 0; part off
    %ix/load 5, 0, 0; Constant delay
    %assign/vec4/a/d v00000000010f8da0, 4, 5;
T_8.1 ;
    %jmp T_8;
    .thread T_8;
    .scope S_000000000114c2d0;
T_9 ;
    %wait E_00000000010f4740;
    %load/vec4 v00000000010e29c0_0;
    %nor/r;
    %flag_set/vec4 8;
    %jmp/0xz  T_9.0, 8;
    %pushi/vec4 0, 0, 12;
    %ix/load 3, 0, 0;
    %flag_set/imm 4, 0;
    %ix/load 4, 36, 0; part off
    %ix/load 5, 0, 0; Constant delay
    %assign/vec4/a/d v00000000010f8da0, 4, 5;
    %jmp T_9.1;
T_9.0 ;
    %ix/load 4, 0, 0;
    %flag_set/imm 4, 0;
    %load/vec4a v00000000010f8da0, 4;
    %parti/s 12, 36, 7;
    %ix/load 3, 0, 0;
    %flag_set/imm 4, 0;
    %ix/load 4, 48, 0; part off
    %ix/load 5, 0, 0; Constant delay
    %assign/vec4/a/d v00000000010f8da0, 4, 5;
T_9.1 ;
    %jmp T_9;
    .thread T_9;
    .scope S_000000000114c460;
T_10 ;
    %wait E_00000000010f4740;
    %load/vec4 v00000000010e29c0_0;
    %nor/r;
    %flag_set/vec4 8;
    %jmp/0xz  T_10.0, 8;
    %pushi/vec4 0, 0, 12;
    %ix/load 3, 0, 0;
    %flag_set/imm 4, 0;
    %ix/load 4, 48, 0; part off
    %ix/load 5, 0, 0; Constant delay
    %assign/vec4/a/d v00000000010f8da0, 4, 5;
    %jmp T_10.1;
T_10.0 ;
    %ix/load 4, 0, 0;
    %flag_set/imm 4, 0;
    %load/vec4a v00000000010f8da0, 4;
    %parti/s 12, 48, 7;
    %ix/load 3, 0, 0;
    %flag_set/imm 4, 0;
    %ix/load 4, 60, 0; part off
    %ix/load 5, 0, 0; Constant delay
    %assign/vec4/a/d v00000000010f8da0, 4, 5;
T_10.1 ;
    %jmp T_10;
    .thread T_10;
    .scope S_000000000114caa0;
T_11 ;
    %wait E_00000000010f4740;
    %load/vec4 v00000000010e29c0_0;
    %nor/r;
    %flag_set/vec4 8;
    %jmp/0xz  T_11.0, 8;
    %pushi/vec4 0, 0, 12;
    %ix/load 3, 1, 0;
    %flag_set/imm 4, 0;
    %ix/load 4, 0, 0; Constant delay
    %assign/vec4/a/d v00000000010f8da0, 0, 4;
    %jmp T_11.1;
T_11.0 ;
    %ix/load 4, 1, 0;
    %flag_set/imm 4, 0;
    %load/vec4a v00000000010f8da0, 4;
    %parti/s 12, 0, 2;
    %ix/load 3, 1, 0;
    %flag_set/imm 4, 0;
    %ix/load 4, 12, 0; part off
    %ix/load 5, 0, 0; Constant delay
    %assign/vec4/a/d v00000000010f8da0, 4, 5;
T_11.1 ;
    %jmp T_11;
    .thread T_11;
    .scope S_000000000114c780;
T_12 ;
    %wait E_00000000010f4740;
    %load/vec4 v00000000010e29c0_0;
    %nor/r;
    %flag_set/vec4 8;
    %jmp/0xz  T_12.0, 8;
    %pushi/vec4 0, 0, 12;
    %ix/load 3, 1, 0;
    %flag_set/imm 4, 0;
    %ix/load 4, 12, 0; part off
    %ix/load 5, 0, 0; Constant delay
    %assign/vec4/a/d v00000000010f8da0, 4, 5;
    %jmp T_12.1;
T_12.0 ;
    %ix/load 4, 1, 0;
    %flag_set/imm 4, 0;
    %load/vec4a v00000000010f8da0, 4;
    %parti/s 12, 12, 5;
    %ix/load 3, 1, 0;
    %flag_set/imm 4, 0;
    %ix/load 4, 24, 0; part off
    %ix/load 5, 0, 0; Constant delay
    %assign/vec4/a/d v00000000010f8da0, 4, 5;
T_12.1 ;
    %jmp T_12;
    .thread T_12;
    .scope S_000000000114cc30;
T_13 ;
    %wait E_00000000010f4740;
    %load/vec4 v00000000010e29c0_0;
    %nor/r;
    %flag_set/vec4 8;
    %jmp/0xz  T_13.0, 8;
    %pushi/vec4 0, 0, 12;
    %ix/load 3, 1, 0;
    %flag_set/imm 4, 0;
    %ix/load 4, 24, 0; part off
    %ix/load 5, 0, 0; Constant delay
    %assign/vec4/a/d v00000000010f8da0, 4, 5;
    %jmp T_13.1;
T_13.0 ;
    %ix/load 4, 1, 0;
    %flag_set/imm 4, 0;
    %load/vec4a v00000000010f8da0, 4;
    %parti/s 12, 24, 6;
    %ix/load 3, 1, 0;
    %flag_set/imm 4, 0;
    %ix/load 4, 36, 0; part off
    %ix/load 5, 0, 0; Constant delay
    %assign/vec4/a/d v00000000010f8da0, 4, 5;
T_13.1 ;
    %jmp T_13;
    .thread T_13;
    .scope S_000000000114cdc0;
T_14 ;
    %wait E_00000000010f4740;
    %load/vec4 v00000000010e29c0_0;
    %nor/r;
    %flag_set/vec4 8;
    %jmp/0xz  T_14.0, 8;
    %pushi/vec4 0, 0, 12;
    %ix/load 3, 1, 0;
    %flag_set/imm 4, 0;
    %ix/load 4, 36, 0; part off
    %ix/load 5, 0, 0; Constant delay
    %assign/vec4/a/d v00000000010f8da0, 4, 5;
    %jmp T_14.1;
T_14.0 ;
    %ix/load 4, 1, 0;
    %flag_set/imm 4, 0;
    %load/vec4a v00000000010f8da0, 4;
    %parti/s 12, 36, 7;
    %ix/load 3, 1, 0;
    %flag_set/imm 4, 0;
    %ix/load 4, 48, 0; part off
    %ix/load 5, 0, 0; Constant delay
    %assign/vec4/a/d v00000000010f8da0, 4, 5;
T_14.1 ;
    %jmp T_14;
    .thread T_14;
    .scope S_000000000114cf50;
T_15 ;
    %wait E_00000000010f4740;
    %load/vec4 v00000000010e29c0_0;
    %nor/r;
    %flag_set/vec4 8;
    %jmp/0xz  T_15.0, 8;
    %pushi/vec4 0, 0, 12;
    %ix/load 3, 1, 0;
    %flag_set/imm 4, 0;
    %ix/load 4, 48, 0; part off
    %ix/load 5, 0, 0; Constant delay
    %assign/vec4/a/d v00000000010f8da0, 4, 5;
    %jmp T_15.1;
T_15.0 ;
    %ix/load 4, 1, 0;
    %flag_set/imm 4, 0;
    %load/vec4a v00000000010f8da0, 4;
    %parti/s 12, 48, 7;
    %ix/load 3, 1, 0;
    %flag_set/imm 4, 0;
    %ix/load 4, 60, 0; part off
    %ix/load 5, 0, 0; Constant delay
    %assign/vec4/a/d v00000000010f8da0, 4, 5;
T_15.1 ;
    %jmp T_15;
    .thread T_15;
    .scope S_00000000014a4620;
T_16 ;
    %wait E_00000000010f4740;
    %load/vec4 v00000000010e29c0_0;
    %nor/r;
    %flag_set/vec4 8;
    %jmp/0xz  T_16.0, 8;
    %pushi/vec4 0, 0, 12;
    %ix/load 3, 2, 0;
    %flag_set/imm 4, 0;
    %ix/load 4, 0, 0; Constant delay
    %assign/vec4/a/d v00000000010f8da0, 0, 4;
    %jmp T_16.1;
T_16.0 ;
    %ix/load 4, 2, 0;
    %flag_set/imm 4, 0;
    %load/vec4a v00000000010f8da0, 4;
    %parti/s 12, 0, 2;
    %ix/load 3, 2, 0;
    %flag_set/imm 4, 0;
    %ix/load 4, 12, 0; part off
    %ix/load 5, 0, 0; Constant delay
    %assign/vec4/a/d v00000000010f8da0, 4, 5;
T_16.1 ;
    %jmp T_16;
    .thread T_16;
    .scope S_00000000014a3cc0;
T_17 ;
    %wait E_00000000010f4740;
    %load/vec4 v00000000010e29c0_0;
    %nor/r;
    %flag_set/vec4 8;
    %jmp/0xz  T_17.0, 8;
    %pushi/vec4 0, 0, 12;
    %ix/load 3, 2, 0;
    %flag_set/imm 4, 0;
    %ix/load 4, 12, 0; part off
    %ix/load 5, 0, 0; Constant delay
    %assign/vec4/a/d v00000000010f8da0, 4, 5;
    %jmp T_17.1;
T_17.0 ;
    %ix/load 4, 2, 0;
    %flag_set/imm 4, 0;
    %load/vec4a v00000000010f8da0, 4;
    %parti/s 12, 12, 5;
    %ix/load 3, 2, 0;
    %flag_set/imm 4, 0;
    %ix/load 4, 24, 0; part off
    %ix/load 5, 0, 0; Constant delay
    %assign/vec4/a/d v00000000010f8da0, 4, 5;
T_17.1 ;
    %jmp T_17;
    .thread T_17;
    .scope S_00000000014a39a0;
T_18 ;
    %wait E_00000000010f4740;
    %load/vec4 v00000000010e29c0_0;
    %nor/r;
    %flag_set/vec4 8;
    %jmp/0xz  T_18.0, 8;
    %pushi/vec4 0, 0, 12;
    %ix/load 3, 2, 0;
    %flag_set/imm 4, 0;
    %ix/load 4, 24, 0; part off
    %ix/load 5, 0, 0; Constant delay
    %assign/vec4/a/d v00000000010f8da0, 4, 5;
    %jmp T_18.1;
T_18.0 ;
    %ix/load 4, 2, 0;
    %flag_set/imm 4, 0;
    %load/vec4a v00000000010f8da0, 4;
    %parti/s 12, 24, 6;
    %ix/load 3, 2, 0;
    %flag_set/imm 4, 0;
    %ix/load 4, 36, 0; part off
    %ix/load 5, 0, 0; Constant delay
    %assign/vec4/a/d v00000000010f8da0, 4, 5;
T_18.1 ;
    %jmp T_18;
    .thread T_18;
    .scope S_00000000014a4f80;
T_19 ;
    %wait E_00000000010f4740;
    %load/vec4 v00000000010e29c0_0;
    %nor/r;
    %flag_set/vec4 8;
    %jmp/0xz  T_19.0, 8;
    %pushi/vec4 0, 0, 12;
    %ix/load 3, 2, 0;
    %flag_set/imm 4, 0;
    %ix/load 4, 36, 0; part off
    %ix/load 5, 0, 0; Constant delay
    %assign/vec4/a/d v00000000010f8da0, 4, 5;
    %jmp T_19.1;
T_19.0 ;
    %ix/load 4, 2, 0;
    %flag_set/imm 4, 0;
    %load/vec4a v00000000010f8da0, 4;
    %parti/s 12, 36, 7;
    %ix/load 3, 2, 0;
    %flag_set/imm 4, 0;
    %ix/load 4, 48, 0; part off
    %ix/load 5, 0, 0; Constant delay
    %assign/vec4/a/d v00000000010f8da0, 4, 5;
T_19.1 ;
    %jmp T_19;
    .thread T_19;
    .scope S_00000000014a4300;
T_20 ;
    %wait E_00000000010f4740;
    %load/vec4 v00000000010e29c0_0;
    %nor/r;
    %flag_set/vec4 8;
    %jmp/0xz  T_20.0, 8;
    %pushi/vec4 0, 0, 12;
    %ix/load 3, 2, 0;
    %flag_set/imm 4, 0;
    %ix/load 4, 48, 0; part off
    %ix/load 5, 0, 0; Constant delay
    %assign/vec4/a/d v00000000010f8da0, 4, 5;
    %jmp T_20.1;
T_20.0 ;
    %ix/load 4, 2, 0;
    %flag_set/imm 4, 0;
    %load/vec4a v00000000010f8da0, 4;
    %parti/s 12, 48, 7;
    %ix/load 3, 2, 0;
    %flag_set/imm 4, 0;
    %ix/load 4, 60, 0; part off
    %ix/load 5, 0, 0; Constant delay
    %assign/vec4/a/d v00000000010f8da0, 4, 5;
T_20.1 ;
    %jmp T_20;
    .thread T_20;
    .scope S_00000000014a3810;
T_21 ;
    %wait E_00000000010f4740;
    %load/vec4 v00000000010e29c0_0;
    %nor/r;
    %flag_set/vec4 8;
    %jmp/0xz  T_21.0, 8;
    %pushi/vec4 0, 0, 12;
    %ix/load 3, 3, 0;
    %flag_set/imm 4, 0;
    %ix/load 4, 0, 0; Constant delay
    %assign/vec4/a/d v00000000010f8da0, 0, 4;
    %jmp T_21.1;
T_21.0 ;
    %ix/load 4, 3, 0;
    %flag_set/imm 4, 0;
    %load/vec4a v00000000010f8da0, 4;
    %parti/s 12, 0, 2;
    %ix/load 3, 3, 0;
    %flag_set/imm 4, 0;
    %ix/load 4, 12, 0; part off
    %ix/load 5, 0, 0; Constant delay
    %assign/vec4/a/d v00000000010f8da0, 4, 5;
T_21.1 ;
    %jmp T_21;
    .thread T_21;
    .scope S_00000000014a4490;
T_22 ;
    %wait E_00000000010f4740;
    %load/vec4 v00000000010e29c0_0;
    %nor/r;
    %flag_set/vec4 8;
    %jmp/0xz  T_22.0, 8;
    %pushi/vec4 0, 0, 12;
    %ix/load 3, 3, 0;
    %flag_set/imm 4, 0;
    %ix/load 4, 12, 0; part off
    %ix/load 5, 0, 0; Constant delay
    %assign/vec4/a/d v00000000010f8da0, 4, 5;
    %jmp T_22.1;
T_22.0 ;
    %ix/load 4, 3, 0;
    %flag_set/imm 4, 0;
    %load/vec4a v00000000010f8da0, 4;
    %parti/s 12, 12, 5;
    %ix/load 3, 3, 0;
    %flag_set/imm 4, 0;
    %ix/load 4, 24, 0; part off
    %ix/load 5, 0, 0; Constant delay
    %assign/vec4/a/d v00000000010f8da0, 4, 5;
T_22.1 ;
    %jmp T_22;
    .thread T_22;
    .scope S_00000000014a4c60;
T_23 ;
    %wait E_00000000010f4740;
    %load/vec4 v00000000010e29c0_0;
    %nor/r;
    %flag_set/vec4 8;
    %jmp/0xz  T_23.0, 8;
    %pushi/vec4 0, 0, 12;
    %ix/load 3, 3, 0;
    %flag_set/imm 4, 0;
    %ix/load 4, 24, 0; part off
    %ix/load 5, 0, 0; Constant delay
    %assign/vec4/a/d v00000000010f8da0, 4, 5;
    %jmp T_23.1;
T_23.0 ;
    %ix/load 4, 3, 0;
    %flag_set/imm 4, 0;
    %load/vec4a v00000000010f8da0, 4;
    %parti/s 12, 24, 6;
    %ix/load 3, 3, 0;
    %flag_set/imm 4, 0;
    %ix/load 4, 36, 0; part off
    %ix/load 5, 0, 0; Constant delay
    %assign/vec4/a/d v00000000010f8da0, 4, 5;
T_23.1 ;
    %jmp T_23;
    .thread T_23;
    .scope S_00000000014a4df0;
T_24 ;
    %wait E_00000000010f4740;
    %load/vec4 v00000000010e29c0_0;
    %nor/r;
    %flag_set/vec4 8;
    %jmp/0xz  T_24.0, 8;
    %pushi/vec4 0, 0, 12;
    %ix/load 3, 3, 0;
    %flag_set/imm 4, 0;
    %ix/load 4, 36, 0; part off
    %ix/load 5, 0, 0; Constant delay
    %assign/vec4/a/d v00000000010f8da0, 4, 5;
    %jmp T_24.1;
T_24.0 ;
    %ix/load 4, 3, 0;
    %flag_set/imm 4, 0;
    %load/vec4a v00000000010f8da0, 4;
    %parti/s 12, 36, 7;
    %ix/load 3, 3, 0;
    %flag_set/imm 4, 0;
    %ix/load 4, 48, 0; part off
    %ix/load 5, 0, 0; Constant delay
    %assign/vec4/a/d v00000000010f8da0, 4, 5;
T_24.1 ;
    %jmp T_24;
    .thread T_24;
    .scope S_00000000014a47b0;
T_25 ;
    %wait E_00000000010f4740;
    %load/vec4 v00000000010e29c0_0;
    %nor/r;
    %flag_set/vec4 8;
    %jmp/0xz  T_25.0, 8;
    %pushi/vec4 0, 0, 12;
    %ix/load 3, 3, 0;
    %flag_set/imm 4, 0;
    %ix/load 4, 48, 0; part off
    %ix/load 5, 0, 0; Constant delay
    %assign/vec4/a/d v00000000010f8da0, 4, 5;
    %jmp T_25.1;
T_25.0 ;
    %ix/load 4, 3, 0;
    %flag_set/imm 4, 0;
    %load/vec4a v00000000010f8da0, 4;
    %parti/s 12, 48, 7;
    %ix/load 3, 3, 0;
    %flag_set/imm 4, 0;
    %ix/load 4, 60, 0; part off
    %ix/load 5, 0, 0; Constant delay
    %assign/vec4/a/d v00000000010f8da0, 4, 5;
T_25.1 ;
    %jmp T_25;
    .thread T_25;
    .scope S_00000000014a4ad0;
T_26 ;
    %wait E_00000000010f4740;
    %load/vec4 v00000000010e29c0_0;
    %nor/r;
    %flag_set/vec4 8;
    %jmp/0xz  T_26.0, 8;
    %pushi/vec4 0, 0, 12;
    %ix/load 3, 4, 0;
    %flag_set/imm 4, 0;
    %ix/load 4, 0, 0; Constant delay
    %assign/vec4/a/d v00000000010f8da0, 0, 4;
    %jmp T_26.1;
T_26.0 ;
    %ix/load 4, 4, 0;
    %flag_set/imm 4, 0;
    %load/vec4a v00000000010f8da0, 4;
    %parti/s 12, 0, 2;
    %ix/load 3, 4, 0;
    %flag_set/imm 4, 0;
    %ix/load 4, 12, 0; part off
    %ix/load 5, 0, 0; Constant delay
    %assign/vec4/a/d v00000000010f8da0, 4, 5;
T_26.1 ;
    %jmp T_26;
    .thread T_26;
    .scope S_00000000014a4170;
T_27 ;
    %wait E_00000000010f4740;
    %load/vec4 v00000000010e29c0_0;
    %nor/r;
    %flag_set/vec4 8;
    %jmp/0xz  T_27.0, 8;
    %pushi/vec4 0, 0, 12;
    %ix/load 3, 4, 0;
    %flag_set/imm 4, 0;
    %ix/load 4, 12, 0; part off
    %ix/load 5, 0, 0; Constant delay
    %assign/vec4/a/d v00000000010f8da0, 4, 5;
    %jmp T_27.1;
T_27.0 ;
    %ix/load 4, 4, 0;
    %flag_set/imm 4, 0;
    %load/vec4a v00000000010f8da0, 4;
    %parti/s 12, 12, 5;
    %ix/load 3, 4, 0;
    %flag_set/imm 4, 0;
    %ix/load 4, 24, 0; part off
    %ix/load 5, 0, 0; Constant delay
    %assign/vec4/a/d v00000000010f8da0, 4, 5;
T_27.1 ;
    %jmp T_27;
    .thread T_27;
    .scope S_00000000014a5110;
T_28 ;
    %wait E_00000000010f4740;
    %load/vec4 v00000000010e29c0_0;
    %nor/r;
    %flag_set/vec4 8;
    %jmp/0xz  T_28.0, 8;
    %pushi/vec4 0, 0, 12;
    %ix/load 3, 4, 0;
    %flag_set/imm 4, 0;
    %ix/load 4, 24, 0; part off
    %ix/load 5, 0, 0; Constant delay
    %assign/vec4/a/d v00000000010f8da0, 4, 5;
    %jmp T_28.1;
T_28.0 ;
    %ix/load 4, 4, 0;
    %flag_set/imm 4, 0;
    %load/vec4a v00000000010f8da0, 4;
    %parti/s 12, 24, 6;
    %ix/load 3, 4, 0;
    %flag_set/imm 4, 0;
    %ix/load 4, 36, 0; part off
    %ix/load 5, 0, 0; Constant delay
    %assign/vec4/a/d v00000000010f8da0, 4, 5;
T_28.1 ;
    %jmp T_28;
    .thread T_28;
    .scope S_00000000014a52a0;
T_29 ;
    %wait E_00000000010f4740;
    %load/vec4 v00000000010e29c0_0;
    %nor/r;
    %flag_set/vec4 8;
    %jmp/0xz  T_29.0, 8;
    %pushi/vec4 0, 0, 12;
    %ix/load 3, 4, 0;
    %flag_set/imm 4, 0;
    %ix/load 4, 36, 0; part off
    %ix/load 5, 0, 0; Constant delay
    %assign/vec4/a/d v00000000010f8da0, 4, 5;
    %jmp T_29.1;
T_29.0 ;
    %ix/load 4, 4, 0;
    %flag_set/imm 4, 0;
    %load/vec4a v00000000010f8da0, 4;
    %parti/s 12, 36, 7;
    %ix/load 3, 4, 0;
    %flag_set/imm 4, 0;
    %ix/load 4, 48, 0; part off
    %ix/load 5, 0, 0; Constant delay
    %assign/vec4/a/d v00000000010f8da0, 4, 5;
T_29.1 ;
    %jmp T_29;
    .thread T_29;
    .scope S_00000000014a5430;
T_30 ;
    %wait E_00000000010f4740;
    %load/vec4 v00000000010e29c0_0;
    %nor/r;
    %flag_set/vec4 8;
    %jmp/0xz  T_30.0, 8;
    %pushi/vec4 0, 0, 12;
    %ix/load 3, 4, 0;
    %flag_set/imm 4, 0;
    %ix/load 4, 48, 0; part off
    %ix/load 5, 0, 0; Constant delay
    %assign/vec4/a/d v00000000010f8da0, 4, 5;
    %jmp T_30.1;
T_30.0 ;
    %ix/load 4, 4, 0;
    %flag_set/imm 4, 0;
    %load/vec4a v00000000010f8da0, 4;
    %parti/s 12, 48, 7;
    %ix/load 3, 4, 0;
    %flag_set/imm 4, 0;
    %ix/load 4, 60, 0; part off
    %ix/load 5, 0, 0; Constant delay
    %assign/vec4/a/d v00000000010f8da0, 4, 5;
T_30.1 ;
    %jmp T_30;
    .thread T_30;
    .scope S_00000000014a21a0;
T_31 ;
    %wait E_00000000010f4740;
    %load/vec4 v00000000010e29c0_0;
    %nor/r;
    %flag_set/vec4 8;
    %jmp/0xz  T_31.0, 8;
    %pushi/vec4 0, 0, 12;
    %ix/load 3, 0, 0;
    %flag_set/imm 4, 0;
    %ix/load 4, 0, 0; Constant delay
    %assign/vec4/a/d v00000000010f8da0, 0, 4;
    %jmp T_31.1;
T_31.0 ;
    %load/vec4 v00000000010f7ae0_0;
    %flag_set/vec4 8;
    %jmp/0xz  T_31.2, 8;
    %load/vec4 v00000000010f9160_0;
    %parti/s 12, 0, 2;
    %ix/load 3, 0, 0;
    %flag_set/imm 4, 0;
    %ix/load 4, 0, 0; Constant delay
    %assign/vec4/a/d v00000000010f8da0, 0, 4;
    %jmp T_31.3;
T_31.2 ;
    %pushi/vec4 0, 0, 12;
    %ix/load 3, 0, 0;
    %flag_set/imm 4, 0;
    %ix/load 4, 0, 0; Constant delay
    %assign/vec4/a/d v00000000010f8da0, 0, 4;
T_31.3 ;
T_31.1 ;
    %jmp T_31;
    .thread T_31;
    .scope S_00000000014a2330;
T_32 ;
    %wait E_00000000010f4740;
    %load/vec4 v00000000010e29c0_0;
    %nor/r;
    %flag_set/vec4 8;
    %jmp/0xz  T_32.0, 8;
    %pushi/vec4 0, 0, 12;
    %ix/load 3, 1, 0;
    %flag_set/imm 4, 0;
    %ix/load 4, 0, 0; Constant delay
    %assign/vec4/a/d v00000000010f8da0, 0, 4;
    %jmp T_32.1;
T_32.0 ;
    %load/vec4 v00000000010f7ae0_0;
    %flag_set/vec4 8;
    %jmp/0xz  T_32.2, 8;
    %load/vec4 v00000000010f9160_0;
    %parti/s 12, 12, 5;
    %ix/load 3, 1, 0;
    %flag_set/imm 4, 0;
    %ix/load 4, 0, 0; Constant delay
    %assign/vec4/a/d v00000000010f8da0, 0, 4;
    %jmp T_32.3;
T_32.2 ;
    %pushi/vec4 0, 0, 12;
    %ix/load 3, 1, 0;
    %flag_set/imm 4, 0;
    %ix/load 4, 0, 0; Constant delay
    %assign/vec4/a/d v00000000010f8da0, 0, 4;
T_32.3 ;
T_32.1 ;
    %jmp T_32;
    .thread T_32;
    .scope S_00000000014a24c0;
T_33 ;
    %wait E_00000000010f4740;
    %load/vec4 v00000000010e29c0_0;
    %nor/r;
    %flag_set/vec4 8;
    %jmp/0xz  T_33.0, 8;
    %pushi/vec4 0, 0, 12;
    %ix/load 3, 2, 0;
    %flag_set/imm 4, 0;
    %ix/load 4, 0, 0; Constant delay
    %assign/vec4/a/d v00000000010f8da0, 0, 4;
    %jmp T_33.1;
T_33.0 ;
    %load/vec4 v00000000010f7ae0_0;
    %flag_set/vec4 8;
    %jmp/0xz  T_33.2, 8;
    %load/vec4 v00000000010f9160_0;
    %parti/s 12, 24, 6;
    %ix/load 3, 2, 0;
    %flag_set/imm 4, 0;
    %ix/load 4, 0, 0; Constant delay
    %assign/vec4/a/d v00000000010f8da0, 0, 4;
    %jmp T_33.3;
T_33.2 ;
    %pushi/vec4 0, 0, 12;
    %ix/load 3, 2, 0;
    %flag_set/imm 4, 0;
    %ix/load 4, 0, 0; Constant delay
    %assign/vec4/a/d v00000000010f8da0, 0, 4;
T_33.3 ;
T_33.1 ;
    %jmp T_33;
    .thread T_33;
    .scope S_00000000014a2e60;
T_34 ;
    %wait E_00000000010f4740;
    %load/vec4 v00000000010e29c0_0;
    %nor/r;
    %flag_set/vec4 8;
    %jmp/0xz  T_34.0, 8;
    %pushi/vec4 0, 0, 12;
    %ix/load 3, 3, 0;
    %flag_set/imm 4, 0;
    %ix/load 4, 0, 0; Constant delay
    %assign/vec4/a/d v00000000010f8da0, 0, 4;
    %jmp T_34.1;
T_34.0 ;
    %load/vec4 v00000000010f7ae0_0;
    %flag_set/vec4 8;
    %jmp/0xz  T_34.2, 8;
    %load/vec4 v00000000010f9160_0;
    %parti/s 12, 36, 7;
    %ix/load 3, 3, 0;
    %flag_set/imm 4, 0;
    %ix/load 4, 0, 0; Constant delay
    %assign/vec4/a/d v00000000010f8da0, 0, 4;
    %jmp T_34.3;
T_34.2 ;
    %pushi/vec4 0, 0, 12;
    %ix/load 3, 3, 0;
    %flag_set/imm 4, 0;
    %ix/load 4, 0, 0; Constant delay
    %assign/vec4/a/d v00000000010f8da0, 0, 4;
T_34.3 ;
T_34.1 ;
    %jmp T_34;
    .thread T_34;
    .scope S_00000000014a2ff0;
T_35 ;
    %wait E_00000000010f4740;
    %load/vec4 v00000000010e29c0_0;
    %nor/r;
    %flag_set/vec4 8;
    %jmp/0xz  T_35.0, 8;
    %pushi/vec4 0, 0, 12;
    %ix/load 3, 4, 0;
    %flag_set/imm 4, 0;
    %ix/load 4, 0, 0; Constant delay
    %assign/vec4/a/d v00000000010f8da0, 0, 4;
    %jmp T_35.1;
T_35.0 ;
    %load/vec4 v00000000010f7ae0_0;
    %flag_set/vec4 8;
    %jmp/0xz  T_35.2, 8;
    %load/vec4 v00000000010f9160_0;
    %parti/s 12, 48, 7;
    %ix/load 3, 4, 0;
    %flag_set/imm 4, 0;
    %ix/load 4, 0, 0; Constant delay
    %assign/vec4/a/d v00000000010f8da0, 0, 4;
    %jmp T_35.3;
T_35.2 ;
    %pushi/vec4 0, 0, 12;
    %ix/load 3, 4, 0;
    %flag_set/imm 4, 0;
    %ix/load 4, 0, 0; Constant delay
    %assign/vec4/a/d v00000000010f8da0, 0, 4;
T_35.3 ;
T_35.1 ;
    %jmp T_35;
    .thread T_35;
    .scope S_0000000000fde1d0;
T_36 ;
    %wait E_00000000010f4740;
    %load/vec4 v00000000010e29c0_0;
    %nor/r;
    %flag_set/vec4 8;
    %jmp/0xz  T_36.0, 8;
    %pushi/vec4 0, 0, 1;
    %ix/load 3, 0, 0;
    %flag_set/imm 4, 0;
    %ix/load 4, 0, 0; Constant delay
    %assign/vec4/a/d v00000000010e1e80, 0, 4;
    %jmp T_36.1;
T_36.0 ;
    %load/vec4 v00000000010f7ae0_0;
    %flag_set/vec4 8;
    %jmp/0xz  T_36.2, 8;
    %pushi/vec4 1, 0, 1;
    %ix/load 3, 0, 0;
    %flag_set/imm 4, 0;
    %ix/load 4, 0, 0; Constant delay
    %assign/vec4/a/d v00000000010e1e80, 0, 4;
    %jmp T_36.3;
T_36.2 ;
    %pushi/vec4 0, 0, 1;
    %ix/load 3, 0, 0;
    %flag_set/imm 4, 0;
    %ix/load 4, 0, 0; Constant delay
    %assign/vec4/a/d v00000000010e1e80, 0, 4;
T_36.3 ;
T_36.1 ;
    %jmp T_36;
    .thread T_36;
    .scope S_0000000000fde1d0;
T_37 ;
    %wait E_00000000010f4740;
    %load/vec4 v00000000010e29c0_0;
    %nor/r;
    %flag_set/vec4 8;
    %jmp/0xz  T_37.0, 8;
    %pushi/vec4 0, 0, 1;
    %assign/vec4 v00000000010f7b80_0, 0;
    %jmp T_37.1;
T_37.0 ;
    %load/vec4 v00000000010f7ae0_0;
    %nor/r;
    %flag_set/vec4 8;
    %jmp/0xz  T_37.2, 8;
    %pushi/vec4 0, 0, 1;
    %assign/vec4 v00000000010f7b80_0, 0;
    %jmp T_37.3;
T_37.2 ;
    %load/vec4 v00000000010f7ae0_0;
    %ix/load 4, 5, 0;
    %flag_set/imm 4, 0;
    %load/vec4a v00000000010e1e80, 4;
    %and;
    %flag_set/vec4 8;
    %jmp/0xz  T_37.4, 8;
    %pushi/vec4 1, 0, 1;
    %assign/vec4 v00000000010f7b80_0, 0;
T_37.4 ;
T_37.3 ;
T_37.1 ;
    %jmp T_37;
    .thread T_37;
    .scope S_0000000000fde1d0;
T_38 ;
    %wait E_00000000010f4740;
    %load/vec4 v00000000010e29c0_0;
    %nor/r;
    %flag_set/vec4 8;
    %jmp/0xz  T_38.0, 8;
    %pushi/vec4 0, 0, 12;
    %assign/vec4 v00000000010f7f40_0, 0;
    %pushi/vec4 0, 0, 12;
    %assign/vec4 v00000000010f8800_0, 0;
    %jmp T_38.1;
T_38.0 ;
    %ix/load 4, 2, 0;
    %flag_set/imm 4, 0;
    %load/vec4a v00000000010f8da0, 4;
    %parti/s 12, 24, 6;
    %assign/vec4 v00000000010f7f40_0, 0;
    %load/vec4 v00000000010f7f40_0;
    %assign/vec4 v00000000010f8800_0, 0;
T_38.1 ;
    %jmp T_38;
    .thread T_38;
    .scope S_0000000000fde1d0;
T_39 ;
    %wait E_00000000010f4740;
    %load/vec4 v00000000010e29c0_0;
    %nor/r;
    %flag_set/vec4 8;
    %jmp/0xz  T_39.0, 8;
    %pushi/vec4 0, 0, 12;
    %assign/vec4 v00000000010f89e0_0, 0;
    %pushi/vec4 0, 0, 12;
    %assign/vec4 v00000000010f8bc0_0, 0;
    %jmp T_39.1;
T_39.0 ;
    %ix/load 4, 2, 0;
    %flag_set/imm 4, 0;
    %load/vec4a v00000000010f8da0, 4;
    %parti/s 12, 0, 2;
    %ix/load 4, 2, 0;
    %flag_set/imm 4, 0;
    %load/vec4a v00000000010f8da0, 4;
    %parti/s 12, 48, 7;
    %store/vec4 v00000000010f7680_0, 0, 12;
    %store/vec4 v00000000010f7720_0, 0, 12;
    %callf/vec4 TD_tb_sp_noise_removal.inst0.abs, S_0000000001097cd0;
    %pad/u 12;
    %assign/vec4 v00000000010f89e0_0, 0;
    %ix/load 4, 2, 0;
    %flag_set/imm 4, 0;
    %load/vec4a v00000000010f8da0, 4;
    %parti/s 12, 12, 5;
    %ix/load 4, 2, 0;
    %flag_set/imm 4, 0;
    %load/vec4a v00000000010f8da0, 4;
    %parti/s 12, 36, 7;
    %store/vec4 v00000000010f7680_0, 0, 12;
    %store/vec4 v00000000010f7720_0, 0, 12;
    %callf/vec4 TD_tb_sp_noise_removal.inst0.abs, S_0000000001097cd0;
    %pad/u 12;
    %assign/vec4 v00000000010f8bc0_0, 0;
T_39.1 ;
    %jmp T_39;
    .thread T_39;
    .scope S_0000000000fde1d0;
T_40 ;
    %wait E_00000000010f4740;
    %load/vec4 v00000000010e29c0_0;
    %nor/r;
    %flag_set/vec4 8;
    %jmp/0xz  T_40.0, 8;
    %pushi/vec4 0, 0, 12;
    %assign/vec4 v00000000010f9340_0, 0;
    %pushi/vec4 0, 0, 12;
    %assign/vec4 v00000000010f93e0_0, 0;
    %jmp T_40.1;
T_40.0 ;
    %ix/load 4, 0, 0;
    %flag_set/imm 4, 0;
    %load/vec4a v00000000010f8da0, 4;
    %parti/s 12, 24, 6;
    %ix/load 4, 4, 0;
    %flag_set/imm 4, 0;
    %load/vec4a v00000000010f8da0, 4;
    %parti/s 12, 24, 6;
    %store/vec4 v00000000010f7680_0, 0, 12;
    %store/vec4 v00000000010f7720_0, 0, 12;
    %callf/vec4 TD_tb_sp_noise_removal.inst0.abs, S_0000000001097cd0;
    %pad/u 12;
    %assign/vec4 v00000000010f9340_0, 0;
    %ix/load 4, 1, 0;
    %flag_set/imm 4, 0;
    %load/vec4a v00000000010f8da0, 4;
    %parti/s 12, 24, 6;
    %ix/load 4, 3, 0;
    %flag_set/imm 4, 0;
    %load/vec4a v00000000010f8da0, 4;
    %parti/s 12, 24, 6;
    %store/vec4 v00000000010f7680_0, 0, 12;
    %store/vec4 v00000000010f7720_0, 0, 12;
    %callf/vec4 TD_tb_sp_noise_removal.inst0.abs, S_0000000001097cd0;
    %pad/u 12;
    %assign/vec4 v00000000010f93e0_0, 0;
T_40.1 ;
    %jmp T_40;
    .thread T_40;
    .scope S_0000000000fde1d0;
T_41 ;
    %wait E_00000000010f4740;
    %load/vec4 v00000000010e29c0_0;
    %nor/r;
    %flag_set/vec4 8;
    %jmp/0xz  T_41.0, 8;
    %pushi/vec4 0, 0, 12;
    %assign/vec4 v00000000010f7e00_0, 0;
    %pushi/vec4 0, 0, 12;
    %assign/vec4 v00000000010f7c20_0, 0;
    %jmp T_41.1;
T_41.0 ;
    %ix/load 4, 0, 0;
    %flag_set/imm 4, 0;
    %load/vec4a v00000000010f8da0, 4;
    %parti/s 12, 0, 2;
    %ix/load 4, 4, 0;
    %flag_set/imm 4, 0;
    %load/vec4a v00000000010f8da0, 4;
    %parti/s 12, 48, 7;
    %store/vec4 v00000000010f7680_0, 0, 12;
    %store/vec4 v00000000010f7720_0, 0, 12;
    %callf/vec4 TD_tb_sp_noise_removal.inst0.abs, S_0000000001097cd0;
    %pad/u 12;
    %assign/vec4 v00000000010f7e00_0, 0;
    %ix/load 4, 1, 0;
    %flag_set/imm 4, 0;
    %load/vec4a v00000000010f8da0, 4;
    %parti/s 12, 12, 5;
    %ix/load 4, 3, 0;
    %flag_set/imm 4, 0;
    %load/vec4a v00000000010f8da0, 4;
    %parti/s 12, 36, 7;
    %store/vec4 v00000000010f7680_0, 0, 12;
    %store/vec4 v00000000010f7720_0, 0, 12;
    %callf/vec4 TD_tb_sp_noise_removal.inst0.abs, S_0000000001097cd0;
    %pad/u 12;
    %assign/vec4 v00000000010f7c20_0, 0;
T_41.1 ;
    %jmp T_41;
    .thread T_41;
    .scope S_0000000000fde1d0;
T_42 ;
    %wait E_00000000010f4740;
    %load/vec4 v00000000010e29c0_0;
    %nor/r;
    %flag_set/vec4 8;
    %jmp/0xz  T_42.0, 8;
    %pushi/vec4 0, 0, 12;
    %assign/vec4 v00000000010f7fe0_0, 0;
    %pushi/vec4 0, 0, 12;
    %assign/vec4 v00000000010f75e0_0, 0;
    %jmp T_42.1;
T_42.0 ;
    %ix/load 4, 0, 0;
    %flag_set/imm 4, 0;
    %load/vec4a v00000000010f8da0, 4;
    %parti/s 12, 48, 7;
    %ix/load 4, 4, 0;
    %flag_set/imm 4, 0;
    %load/vec4a v00000000010f8da0, 4;
    %parti/s 12, 0, 2;
    %store/vec4 v00000000010f7680_0, 0, 12;
    %store/vec4 v00000000010f7720_0, 0, 12;
    %callf/vec4 TD_tb_sp_noise_removal.inst0.abs, S_0000000001097cd0;
    %pad/u 12;
    %assign/vec4 v00000000010f7fe0_0, 0;
    %ix/load 4, 1, 0;
    %flag_set/imm 4, 0;
    %load/vec4a v00000000010f8da0, 4;
    %parti/s 12, 36, 7;
    %ix/load 4, 3, 0;
    %flag_set/imm 4, 0;
    %load/vec4a v00000000010f8da0, 4;
    %parti/s 12, 12, 5;
    %store/vec4 v00000000010f7680_0, 0, 12;
    %store/vec4 v00000000010f7720_0, 0, 12;
    %callf/vec4 TD_tb_sp_noise_removal.inst0.abs, S_0000000001097cd0;
    %pad/u 12;
    %assign/vec4 v00000000010f75e0_0, 0;
T_42.1 ;
    %jmp T_42;
    .thread T_42;
    .scope S_0000000000fde1d0;
T_43 ;
    %wait E_00000000010f4740;
    %load/vec4 v00000000010e29c0_0;
    %nor/r;
    %flag_set/vec4 8;
    %jmp/0xz  T_43.0, 8;
    %pushi/vec4 0, 0, 13;
    %assign/vec4 v00000000010f7900_0, 0;
    %pushi/vec4 0, 0, 13;
    %assign/vec4 v00000000010f79a0_0, 0;
    %jmp T_43.1;
T_43.0 ;
    %ix/load 4, 2, 0;
    %flag_set/imm 4, 0;
    %load/vec4a v00000000010f8da0, 4;
    %parti/s 12, 0, 2;
    %pad/u 32;
    %ix/load 4, 2, 0;
    %flag_set/imm 4, 0;
    %load/vec4a v00000000010f8da0, 4;
    %parti/s 12, 48, 7;
    %pad/u 32;
    %add;
    %addi 1, 0, 32;
    %pushi/vec4 2, 0, 32;
    %div;
    %pad/u 13;
    %assign/vec4 v00000000010f7900_0, 0;
    %ix/load 4, 2, 0;
    %flag_set/imm 4, 0;
    %load/vec4a v00000000010f8da0, 4;
    %parti/s 12, 12, 5;
    %ix/load 4, 2, 0;
    %flag_set/imm 4, 0;
    %load/vec4a v00000000010f8da0, 4;
    %parti/s 12, 36, 7;
    %store/vec4 v00000000010f7680_0, 0, 12;
    %store/vec4 v00000000010f7720_0, 0, 12;
    %callf/vec4 TD_tb_sp_noise_removal.inst0.abs, S_0000000001097cd0;
    %pad/u 32;
    %addi 1, 0, 32;
    %pushi/vec4 2, 0, 32;
    %div;
    %pad/u 13;
    %assign/vec4 v00000000010f79a0_0, 0;
T_43.1 ;
    %jmp T_43;
    .thread T_43;
    .scope S_0000000000fde1d0;
T_44 ;
    %wait E_00000000010f4740;
    %load/vec4 v00000000010e29c0_0;
    %nor/r;
    %flag_set/vec4 8;
    %jmp/0xz  T_44.0, 8;
    %pushi/vec4 0, 0, 13;
    %assign/vec4 v00000000010e2a60_0, 0;
    %pushi/vec4 0, 0, 13;
    %assign/vec4 v00000000010e1480_0, 0;
    %jmp T_44.1;
T_44.0 ;
    %ix/load 4, 0, 0;
    %flag_set/imm 4, 0;
    %load/vec4a v00000000010f8da0, 4;
    %parti/s 12, 24, 6;
    %pad/u 32;
    %ix/load 4, 4, 0;
    %flag_set/imm 4, 0;
    %load/vec4a v00000000010f8da0, 4;
    %parti/s 12, 24, 6;
    %pad/u 32;
    %add;
    %addi 1, 0, 32;
    %pushi/vec4 2, 0, 32;
    %div;
    %pad/u 13;
    %assign/vec4 v00000000010e2a60_0, 0;
    %ix/load 4, 1, 0;
    %flag_set/imm 4, 0;
    %load/vec4a v00000000010f8da0, 4;
    %parti/s 12, 24, 6;
    %ix/load 4, 3, 0;
    %flag_set/imm 4, 0;
    %load/vec4a v00000000010f8da0, 4;
    %parti/s 12, 24, 6;
    %store/vec4 v00000000010f7680_0, 0, 12;
    %store/vec4 v00000000010f7720_0, 0, 12;
    %callf/vec4 TD_tb_sp_noise_removal.inst0.abs, S_0000000001097cd0;
    %pad/u 32;
    %addi 1, 0, 32;
    %pushi/vec4 2, 0, 32;
    %div;
    %pad/u 13;
    %assign/vec4 v00000000010e1480_0, 0;
T_44.1 ;
    %jmp T_44;
    .thread T_44;
    .scope S_0000000000fde1d0;
T_45 ;
    %wait E_00000000010f4740;
    %load/vec4 v00000000010e29c0_0;
    %nor/r;
    %flag_set/vec4 8;
    %jmp/0xz  T_45.0, 8;
    %pushi/vec4 0, 0, 13;
    %assign/vec4 v00000000010f88a0_0, 0;
    %pushi/vec4 0, 0, 13;
    %assign/vec4 v00000000010f92a0_0, 0;
    %jmp T_45.1;
T_45.0 ;
    %ix/load 4, 0, 0;
    %flag_set/imm 4, 0;
    %load/vec4a v00000000010f8da0, 4;
    %parti/s 12, 0, 2;
    %pad/u 32;
    %ix/load 4, 4, 0;
    %flag_set/imm 4, 0;
    %load/vec4a v00000000010f8da0, 4;
    %parti/s 12, 48, 7;
    %pad/u 32;
    %add;
    %addi 1, 0, 32;
    %pushi/vec4 2, 0, 32;
    %div;
    %pad/u 13;
    %assign/vec4 v00000000010f88a0_0, 0;
    %ix/load 4, 1, 0;
    %flag_set/imm 4, 0;
    %load/vec4a v00000000010f8da0, 4;
    %parti/s 12, 12, 5;
    %ix/load 4, 3, 0;
    %flag_set/imm 4, 0;
    %load/vec4a v00000000010f8da0, 4;
    %parti/s 12, 36, 7;
    %store/vec4 v00000000010f7680_0, 0, 12;
    %store/vec4 v00000000010f7720_0, 0, 12;
    %callf/vec4 TD_tb_sp_noise_removal.inst0.abs, S_0000000001097cd0;
    %pad/u 32;
    %addi 1, 0, 32;
    %pushi/vec4 2, 0, 32;
    %div;
    %pad/u 13;
    %assign/vec4 v00000000010f92a0_0, 0;
T_45.1 ;
    %jmp T_45;
    .thread T_45;
    .scope S_0000000000fde1d0;
T_46 ;
    %wait E_00000000010f4740;
    %load/vec4 v00000000010e29c0_0;
    %nor/r;
    %flag_set/vec4 8;
    %jmp/0xz  T_46.0, 8;
    %pushi/vec4 0, 0, 13;
    %assign/vec4 v00000000010e0e40_0, 0;
    %pushi/vec4 0, 0, 13;
    %assign/vec4 v00000000010e2600_0, 0;
    %jmp T_46.1;
T_46.0 ;
    %ix/load 4, 0, 0;
    %flag_set/imm 4, 0;
    %load/vec4a v00000000010f8da0, 4;
    %parti/s 12, 48, 7;
    %pad/u 32;
    %ix/load 4, 4, 0;
    %flag_set/imm 4, 0;
    %load/vec4a v00000000010f8da0, 4;
    %parti/s 12, 0, 2;
    %pad/u 32;
    %add;
    %addi 1, 0, 32;
    %pushi/vec4 2, 0, 32;
    %div;
    %pad/u 13;
    %assign/vec4 v00000000010e0e40_0, 0;
    %ix/load 4, 1, 0;
    %flag_set/imm 4, 0;
    %load/vec4a v00000000010f8da0, 4;
    %parti/s 12, 36, 7;
    %ix/load 4, 3, 0;
    %flag_set/imm 4, 0;
    %load/vec4a v00000000010f8da0, 4;
    %parti/s 12, 12, 5;
    %store/vec4 v00000000010f7680_0, 0, 12;
    %store/vec4 v00000000010f7720_0, 0, 12;
    %callf/vec4 TD_tb_sp_noise_removal.inst0.abs, S_0000000001097cd0;
    %pad/u 32;
    %addi 1, 0, 32;
    %pushi/vec4 2, 0, 32;
    %div;
    %pad/u 13;
    %assign/vec4 v00000000010e2600_0, 0;
T_46.1 ;
    %jmp T_46;
    .thread T_46;
    .scope S_0000000000fde1d0;
T_47 ;
    %wait E_00000000010f4740;
    %load/vec4 v00000000010e29c0_0;
    %nor/r;
    %flag_set/vec4 8;
    %jmp/0xz  T_47.0, 8;
    %pushi/vec4 0, 0, 13;
    %assign/vec4 v00000000010f7ea0_0, 0;
    %pushi/vec4 0, 0, 13;
    %assign/vec4 v00000000010f7860_0, 0;
    %pushi/vec4 0, 0, 13;
    %assign/vec4 v00000000010f8e40_0, 0;
    %pushi/vec4 0, 0, 13;
    %assign/vec4 v00000000010f7540_0, 0;
    %jmp T_47.1;
T_47.0 ;
    %load/vec4 v00000000010f89e0_0;
    %pad/u 13;
    %load/vec4 v00000000010f8bc0_0;
    %pad/u 13;
    %add;
    %assign/vec4 v00000000010f7ea0_0, 0;
    %load/vec4 v00000000010f9340_0;
    %pad/u 13;
    %load/vec4 v00000000010f93e0_0;
    %pad/u 13;
    %add;
    %assign/vec4 v00000000010f7860_0, 0;
    %load/vec4 v00000000010f7e00_0;
    %pad/u 13;
    %load/vec4 v00000000010f7c20_0;
    %pad/u 13;
    %add;
    %assign/vec4 v00000000010f8e40_0, 0;
    %load/vec4 v00000000010f7fe0_0;
    %pad/u 13;
    %load/vec4 v00000000010f75e0_0;
    %pad/u 13;
    %add;
    %assign/vec4 v00000000010f7540_0, 0;
T_47.1 ;
    %jmp T_47;
    .thread T_47;
    .scope S_0000000000fde1d0;
T_48 ;
    %wait E_00000000010f4740;
    %load/vec4 v00000000010e29c0_0;
    %nor/r;
    %flag_set/vec4 8;
    %jmp/0xz  T_48.0, 8;
    %pushi/vec4 0, 0, 13;
    %assign/vec4 v00000000010f8120_0, 0;
    %pushi/vec4 0, 0, 13;
    %assign/vec4 v00000000010e1c00_0, 0;
    %pushi/vec4 0, 0, 13;
    %assign/vec4 v00000000010f7a40_0, 0;
    %pushi/vec4 0, 0, 13;
    %assign/vec4 v00000000010e2920_0, 0;
    %jmp T_48.1;
T_48.0 ;
    %load/vec4 v00000000010f7900_0;
    %load/vec4 v00000000010f79a0_0;
    %add;
    %assign/vec4 v00000000010f8120_0, 0;
    %load/vec4 v00000000010e2a60_0;
    %load/vec4 v00000000010e1480_0;
    %add;
    %assign/vec4 v00000000010e1c00_0, 0;
    %load/vec4 v00000000010f88a0_0;
    %load/vec4 v00000000010f92a0_0;
    %add;
    %assign/vec4 v00000000010f7a40_0, 0;
    %load/vec4 v00000000010e0e40_0;
    %load/vec4 v00000000010e2600_0;
    %add;
    %assign/vec4 v00000000010e2920_0, 0;
T_48.1 ;
    %jmp T_48;
    .thread T_48;
    .scope S_0000000000fde1d0;
T_49 ;
    %wait E_00000000010f5080;
    %load/vec4 v00000000010f8ee0_0;
    %dup/vec4;
    %load/vec4 v00000000010f7ea0_0;
    %cmp/u;
    %jmp/1 T_49.0, 6;
    %dup/vec4;
    %load/vec4 v00000000010f7860_0;
    %cmp/u;
    %jmp/1 T_49.1, 6;
    %dup/vec4;
    %load/vec4 v00000000010f8e40_0;
    %cmp/u;
    %jmp/1 T_49.2, 6;
    %dup/vec4;
    %load/vec4 v00000000010f7540_0;
    %cmp/u;
    %jmp/1 T_49.3, 6;
    %pushi/vec4 0, 0, 13;
    %store/vec4 v00000000010f8260_0, 0, 13;
    %jmp T_49.5;
T_49.0 ;
    %load/vec4 v00000000010f8120_0;
    %store/vec4 v00000000010f8260_0, 0, 13;
    %jmp T_49.5;
T_49.1 ;
    %load/vec4 v00000000010e1c00_0;
    %store/vec4 v00000000010f8260_0, 0, 13;
    %jmp T_49.5;
T_49.2 ;
    %load/vec4 v00000000010f7a40_0;
    %store/vec4 v00000000010f8260_0, 0, 13;
    %jmp T_49.5;
T_49.3 ;
    %load/vec4 v00000000010e2920_0;
    %store/vec4 v00000000010f8260_0, 0, 13;
    %jmp T_49.5;
T_49.5 ;
    %pop/vec4 1;
    %jmp T_49;
    .thread T_49, $push;
    .scope S_0000000000fde1d0;
T_50 ;
    %wait E_00000000010f4f80;
    %load/vec4 v00000000010f7b80_0;
    %flag_set/vec4 8;
    %jmp/0xz  T_50.0, 8;
    %load/vec4 v00000000010f8800_0;
    %pad/u 32;
    %pushi/vec4 4095, 0, 32;
    %cmp/e;
    %flag_get/vec4 4;
    %load/vec4 v00000000010f8800_0;
    %pad/u 32;
    %pushi/vec4 0, 0, 32;
    %cmp/e;
    %flag_get/vec4 4;
    %or;
    %load/vec4 v00000000010e2060_0;
    %load/vec4 v00000000010f8260_0;
    %load/vec4 v00000000010f8800_0;
    %store/vec4 v00000000010f7680_0, 0, 12;
    %store/vec4 v00000000010f7720_0, 0, 12;
    %callf/vec4 TD_tb_sp_noise_removal.inst0.abs, S_0000000001097cd0;
    %pad/u 15;
    %cmp/u;
    %flag_get/vec4 5;
    %and;
    %flag_set/vec4 8;
    %jmp/0xz  T_50.2, 8;
    %load/vec4 v00000000010f7cc0_0;
    %store/vec4 v00000000010f7d60_0, 0, 12;
    %jmp T_50.3;
T_50.2 ;
    %load/vec4 v00000000010f8800_0;
    %store/vec4 v00000000010f7d60_0, 0, 12;
T_50.3 ;
T_50.0 ;
    %jmp T_50;
    .thread T_50, $push;
    .scope S_0000000000fde040;
T_51 ;
    %delay 10000, 0;
    %load/vec4 v00000000010e1660_0;
    %inv;
    %store/vec4 v00000000010e1660_0, 0, 1;
    %jmp T_51;
    .thread T_51;
    .scope S_0000000000fde040;
T_52 ;
    %pushi/vec4 0, 0, 1;
    %store/vec4 v00000000010e1660_0, 0, 1;
    %pushi/vec4 0, 0, 1;
    %store/vec4 v00000000010e22e0_0, 0, 1;
    %pushi/vec4 0, 0, 1;
    %store/vec4 v00000000010e1b60_0, 0, 1;
    %end;
    .thread T_52;
    .scope S_0000000000fde040;
T_53 ;
    %delay 100000, 0;
    %pushi/vec4 1, 0, 1;
    %store/vec4 v00000000010e22e0_0, 0, 1;
    %delay 110000, 0;
    %pushi/vec4 1, 0, 1;
    %store/vec4 v00000000010e1b60_0, 0, 1;
    %pushi/vec4 2509719831, 0, 35;
    %concati/vec4 3666621, 0, 25;
    %store/vec4 v00000000010e1ac0_0, 0, 60;
    %delay 20000, 0;
    %pushi/vec4 3544326354, 0, 34;
    %concati/vec4 51536603, 0, 26;
    %store/vec4 v00000000010e1ac0_0, 0, 60;
    %delay 20000, 0;
    %pushi/vec4 3829836799, 0, 34;
    %concati/vec4 52933409, 0, 26;
    %store/vec4 v00000000010e1ac0_0, 0, 60;
    %delay 20000, 0;
    %pushi/vec4 3829835820, 0, 34;
    %concati/vec4 36156193, 0, 26;
    %store/vec4 v00000000010e1ac0_0, 0, 60;
    %delay 20000, 0;
    %pushi/vec4 2334066236, 0, 36;
    %concati/vec4 10350728, 0, 24;
    %store/vec4 v00000000010e1ac0_0, 0, 60;
    %delay 300000, 0;
    %vpi_call 2 43 "$finish" {0 0 0};
    %end;
    .thread T_53;
    .scope S_0000000000fde040;
T_54 ;
    %vpi_call 2 47 "$dumpfile", "./build_sp_cal/wave.vcd" {0 0 0};
    %vpi_call 2 48 "$dumpvars", 32'sb00000000000000000000000000000000, S_0000000000fde040 {0 0 0};
    %delay 10000000, 0;
    %vpi_call 2 49 "$finish" {0 0 0};
    %end;
    .thread T_54;
# The file index is used to find the file name in the following table.
:file_names 5;
    "N/A";
    "<interactive>";
    "./tb_sp_noise_removal.v";
    "./sp_noise_removal.v";
    "./min.v";
