#! /usr/local/iverilog/bin/vvp
:ivl_version "11.0 (devel)" "(s20150603-642-g3bdb50da)";
:ivl_delay_selection "TYPICAL";
:vpi_time_precision - 12;
:vpi_module "system";
:vpi_module "vhdl_sys";
:vpi_module "vhdl_textio";
:vpi_module "v2005_math";
:vpi_module "va_math";
S_00000000011424a0 .scope module, "tb_sram_controller" "tb_sram_controller" 2 10;
 .timescale -9 -12;
P_000000000113ac50 .param/l "DATADEPTH" 0 2 11, +C4<00000000000000000000000000001100>;
P_000000000113ac88 .param/l "IMG_HEIGHT" 0 2 13, +C4<00000000000000000000010000111000>;
P_000000000113acc0 .param/l "IMG_WIDTH" 0 2 12, +C4<00000000000000000000011110000000>;
P_000000000113acf8 .param/l "NUM" 0 2 10, +C4<00000000000000000000000000000101>;
v0000000001185fc0_0 .var "clk", 0 0;
v0000000001184f80_0 .var "data_i", 11 0;
v0000000001185480_0 .net "data_o", 59 0, v000000000111ea80_0;  1 drivers
v0000000001184d00_0 .net "data_o_bypass", 11 0, v000000000111ee40_0;  1 drivers
v0000000001184ee0_0 .net "en_o", 0 0, v000000000111e120_0;  1 drivers
v0000000001185f20_0 .var "hsync", 0 0;
v0000000001185e80 .array "mem_data", 2073599 0, 11 0;
v0000000001185c00_0 .var/i "p", 31 0;
v00000000011861a0_0 .var "rst_n", 0 0;
v0000000001185020_0 .var "vsync", 0 0;
S_0000000001142630 .scope module, "inst0" "sram_controller" 2 28, 3 10 0, S_00000000011424a0;
 .timescale -9 -12;
    .port_info 0 /INPUT 1 "clk";
    .port_info 1 /INPUT 1 "rst_n";
    .port_info 2 /INPUT 1 "vsync";
    .port_info 3 /INPUT 1 "hsync";
    .port_info 4 /INPUT 12 "data_i";
    .port_info 5 /OUTPUT 60 "data_o";
    .port_info 6 /OUTPUT 12 "data_o_bypass";
    .port_info 7 /OUTPUT 1 "en_o";
P_00000000010f7f60 .param/l "ADDR" 0 3 24, +C4<00000000000000000000000000001011>;
P_00000000010f7f98 .param/l "DATADEPTH" 0 3 11, +C4<00000000000000000000000000001100>;
P_00000000010f7fd0 .param/l "IDLE" 0 3 26, C4<000>;
P_00000000010f8008 .param/l "IMG_HEIGHT" 0 3 13, +C4<00000000000000000000010000111000>;
P_00000000010f8040 .param/l "IMG_WIDTH" 0 3 12, +C4<00000000000000000000011110000000>;
P_00000000010f8078 .param/l "NUM" 0 3 10, +C4<00000000000000000000000000000101>;
P_00000000010f80b0 .param/l "READ" 0 3 30, C4<100>;
P_00000000010f80e8 .param/l "STATE_NUM" 0 3 25, +C4<00000000000000000000000000000101>;
P_00000000010f8120 .param/l "STORE" 0 3 27, C4<001>;
P_00000000010f8158 .param/l "SW_CORNER" 0 3 29, C4<011>;
P_00000000010f8190 .param/l "SW_TURN" 0 3 28, C4<010>;
L_0000000001119f50 .functor NOT 1, v000000000111e300_0, C4<0>, C4<0>, C4<0>;
L_0000000001119e70 .functor AND 1, v000000000111eda0_0, L_0000000001119f50, C4<1>, C4<1>;
v000000000111d9a0_0 .net *"_s36", 0 0, L_0000000001119f50;  1 drivers
v000000000111e940_0 .net "clk", 0 0, v0000000001185fc0_0;  1 drivers
v000000000111e580_0 .var "count_x_r", 10 0;
v000000000111dfe0_0 .var "count_y_r", 10 0;
v000000000111ebc0_0 .net "data_i", 11 0, v0000000001184f80_0;  1 drivers
v000000000111ea80_0 .var "data_o", 59 0;
v000000000111ee40_0 .var "data_o_bypass", 11 0;
v000000000111e120_0 .var "en_o", 0 0;
v000000000111dae0_0 .net "hsync", 0 0, v0000000001185f20_0;  1 drivers
v000000000111e1c0_0 .net "hsync_edge", 0 0, L_0000000001119e70;  1 drivers
v000000000111eda0_0 .var "hsync_r", 0 0;
v000000000111e300_0 .var "hsync_r1", 0 0;
v000000000111e440_0 .var/i "j", 31 0;
v000000000111d0e0_0 .var "mem_rd_addr_r", 54 0;
v000000000111e4e0_0 .net "mem_rd_data_r", 59 0, L_00000000011858e0;  1 drivers
v000000000111d180 .array "mem_rd_data_taps_r", 1 0, 59 0;
v0000000001185520_0 .var "mem_rd_en_r", 4 0;
v00000000011850c0_0 .var "mem_wr_addr_r", 54 0;
v00000000011843a0_0 .var "mem_wr_data_r", 59 0;
v0000000001184da0_0 .var "mem_wr_en_r", 4 0;
v0000000001184760_0 .var "nstate_r", 2 0;
v0000000001185b60_0 .net "rst_n", 0 0, v00000000011861a0_0;  1 drivers
v0000000001184300_0 .var "state_r", 2 0;
v00000000011848a0_0 .net "vsync", 0 0, v0000000001185020_0;  1 drivers
E_0000000001125510/0 .event edge, v0000000001184300_0, v00000000011848a0_0, v000000000111e1c0_0, v000000000111e580_0;
E_0000000001125510/1 .event edge, v000000000111dfe0_0;
E_0000000001125510 .event/or E_0000000001125510/0, E_0000000001125510/1;
L_0000000001184620 .part v00000000011850c0_0, 0, 11;
L_0000000001185ca0 .part v000000000111d0e0_0, 0, 11;
L_0000000001185200 .part v00000000011843a0_0, 0, 12;
L_0000000001185d40 .part v0000000001184da0_0, 0, 1;
L_00000000011849e0 .part v0000000001185520_0, 0, 1;
L_0000000001185a20 .part v00000000011850c0_0, 11, 11;
L_00000000011852a0 .part v000000000111d0e0_0, 11, 11;
L_0000000001184800 .part v00000000011843a0_0, 12, 12;
L_0000000001185340 .part v0000000001184da0_0, 1, 1;
L_0000000001185de0 .part v0000000001185520_0, 1, 1;
L_0000000001186060 .part v00000000011850c0_0, 22, 11;
L_0000000001185700 .part v000000000111d0e0_0, 22, 11;
L_0000000001184440 .part v00000000011843a0_0, 24, 12;
L_00000000011855c0 .part v0000000001184da0_0, 2, 1;
L_0000000001186100 .part v0000000001185520_0, 2, 1;
L_00000000011853e0 .part v00000000011850c0_0, 33, 11;
L_0000000001185660 .part v000000000111d0e0_0, 33, 11;
L_0000000001184a80 .part v00000000011843a0_0, 36, 12;
L_00000000011857a0 .part v0000000001184da0_0, 3, 1;
L_0000000001185840 .part v0000000001185520_0, 3, 1;
LS_00000000011858e0_0_0 .concat8 [ 12 12 12 12], v00000000010c6bd0_0, v00000000010c7b70_0, v00000000010c6c70_0, v00000000010c8430_0;
LS_00000000011858e0_0_4 .concat8 [ 12 0 0 0], v00000000010c72b0_0;
L_00000000011858e0 .concat8 [ 48 12 0 0], LS_00000000011858e0_0_0, LS_00000000011858e0_0_4;
L_00000000011844e0 .part v00000000011850c0_0, 44, 11;
L_0000000001184580 .part v000000000111d0e0_0, 44, 11;
L_00000000011846c0 .part v00000000011843a0_0, 48, 12;
L_0000000001184c60 .part v0000000001184da0_0, 4, 1;
L_0000000001184940 .part v0000000001185520_0, 4, 1;
S_00000000011fdf70 .scope generate, "genblk2[1]" "genblk2[1]" 3 260, 3 260 0, S_0000000001142630;
 .timescale -9 -12;
P_0000000001125e10 .param/l "i" 0 3 260, +C4<01>;
S_00000000011fe100 .scope generate, "genblk3[1]" "genblk3[1]" 3 261, 3 261 0, S_00000000011fdf70;
 .timescale -9 -12;
P_00000000011262d0 .param/l "k" 0 3 261, +C4<01>;
E_0000000001126350/0 .event negedge, v0000000001185b60_0;
E_0000000001126350/1 .event posedge, v00000000010c7ad0_0;
E_0000000001126350 .event/or E_0000000001126350/0, E_0000000001126350/1;
S_00000000010d8c90 .scope generate, "genblk3[2]" "genblk3[2]" 3 261, 3 261 0, S_00000000011fdf70;
 .timescale -9 -12;
P_0000000001125a90 .param/l "k" 0 3 261, +C4<010>;
S_00000000010d8e20 .scope generate, "genblk3[3]" "genblk3[3]" 3 261, 3 261 0, S_00000000011fdf70;
 .timescale -9 -12;
P_0000000001125ed0 .param/l "k" 0 3 261, +C4<011>;
S_00000000010d8fb0 .scope generate, "genblk3[4]" "genblk3[4]" 3 261, 3 261 0, S_00000000011fdf70;
 .timescale -9 -12;
P_0000000001125e50 .param/l "k" 0 3 261, +C4<0100>;
S_00000000010de110 .scope generate, "genblk4[1]" "genblk4[1]" 3 272, 3 272 0, S_0000000001142630;
 .timescale -9 -12;
P_0000000001125f10 .param/l "k" 0 3 272, +C4<01>;
S_00000000010de2a0 .scope generate, "genblk4[2]" "genblk4[2]" 3 272, 3 272 0, S_0000000001142630;
 .timescale -9 -12;
P_0000000001126390 .param/l "k" 0 3 272, +C4<010>;
S_00000000010de430 .scope generate, "genblk4[3]" "genblk4[3]" 3 272, 3 272 0, S_0000000001142630;
 .timescale -9 -12;
P_0000000001125410 .param/l "k" 0 3 272, +C4<011>;
S_0000000001142d80 .scope generate, "genblk4[4]" "genblk4[4]" 3 272, 3 272 0, S_0000000001142630;
 .timescale -9 -12;
P_0000000001126090 .param/l "k" 0 3 272, +C4<0100>;
S_0000000001142f10 .scope generate, "mem_inst_loop[0]" "mem_inst_loop[0]" 3 314, 3 314 0, S_0000000001142630;
 .timescale -9 -12;
P_00000000011260d0 .param/l "i" 0 3 314, +C4<00>;
S_00000000011430a0 .scope module, "inst" "sram" 3 315, 4 10 0, S_0000000001142f10;
 .timescale -9 -12;
    .port_info 0 /OUTPUT 12 "rddata_o";
    .port_info 1 /INPUT 11 "wraddr_i";
    .port_info 2 /INPUT 11 "rdaddr_i";
    .port_info 3 /INPUT 12 "wrdata_i";
    .port_info 4 /INPUT 1 "wren_i";
    .port_info 5 /INPUT 1 "rden_i";
    .port_info 6 /INPUT 1 "wrclk";
    .port_info 7 /INPUT 1 "rdclk";
P_00000000010d30c0 .param/l "ADDR_WIDTH" 0 4 10, +C4<00000000000000000000000000001011>;
P_00000000010d30f8 .param/l "DATA_WIDTH" 0 4 11, +C4<00000000000000000000000000001100>;
P_00000000010d3130 .param/l "MEM_DEPTH" 0 4 23, +C4<00000000000000000000100000000000>;
v00000000010c7e90 .array "mem", 0 2047, 11 0;
v00000000010c7350_0 .net "rdaddr_i", 10 0, L_0000000001185ca0;  1 drivers
v00000000010c7ad0_0 .net "rdclk", 0 0, v0000000001185fc0_0;  alias, 1 drivers
v00000000010c6bd0_0 .var "rddata_o", 11 0;
v00000000010c8250_0 .net "rden_i", 0 0, L_00000000011849e0;  1 drivers
v00000000010c6ef0_0 .net "wraddr_i", 10 0, L_0000000001184620;  1 drivers
v00000000010c7a30_0 .net "wrclk", 0 0, v0000000001185fc0_0;  alias, 1 drivers
v00000000010c7fd0_0 .net "wrdata_i", 11 0, L_0000000001185200;  1 drivers
v00000000010c73f0_0 .net "wren_i", 0 0, L_0000000001185d40;  1 drivers
E_0000000001125490 .event posedge, v00000000010c7ad0_0;
S_0000000001133c30 .scope generate, "mem_inst_loop[1]" "mem_inst_loop[1]" 3 314, 3 314 0, S_0000000001142630;
 .timescale -9 -12;
P_0000000001126110 .param/l "i" 0 3 314, +C4<01>;
S_0000000001133dc0 .scope module, "inst" "sram" 3 315, 4 10 0, S_0000000001133c30;
 .timescale -9 -12;
    .port_info 0 /OUTPUT 12 "rddata_o";
    .port_info 1 /INPUT 11 "wraddr_i";
    .port_info 2 /INPUT 11 "rdaddr_i";
    .port_info 3 /INPUT 12 "wrdata_i";
    .port_info 4 /INPUT 1 "wren_i";
    .port_info 5 /INPUT 1 "rden_i";
    .port_info 6 /INPUT 1 "wrclk";
    .port_info 7 /INPUT 1 "rdclk";
P_00000000010d91e0 .param/l "ADDR_WIDTH" 0 4 10, +C4<00000000000000000000000000001011>;
P_00000000010d9218 .param/l "DATA_WIDTH" 0 4 11, +C4<00000000000000000000000000001100>;
P_00000000010d9250 .param/l "MEM_DEPTH" 0 4 23, +C4<00000000000000000000100000000000>;
v00000000010c8070 .array "mem", 0 2047, 11 0;
v00000000010c70d0_0 .net "rdaddr_i", 10 0, L_00000000011852a0;  1 drivers
v00000000010c6810_0 .net "rdclk", 0 0, v0000000001185fc0_0;  alias, 1 drivers
v00000000010c7b70_0 .var "rddata_o", 11 0;
v00000000010c78f0_0 .net "rden_i", 0 0, L_0000000001185de0;  1 drivers
v00000000010c7490_0 .net "wraddr_i", 10 0, L_0000000001185a20;  1 drivers
v00000000010c7670_0 .net "wrclk", 0 0, v0000000001185fc0_0;  alias, 1 drivers
v00000000010c6950_0 .net "wrdata_i", 11 0, L_0000000001184800;  1 drivers
v00000000010c7210_0 .net "wren_i", 0 0, L_0000000001185340;  1 drivers
S_0000000001133f50 .scope generate, "mem_inst_loop[2]" "mem_inst_loop[2]" 3 314, 3 314 0, S_0000000001142630;
 .timescale -9 -12;
P_0000000001126190 .param/l "i" 0 3 314, +C4<010>;
S_00000000011340e0 .scope module, "inst" "sram" 3 315, 4 10 0, S_0000000001133f50;
 .timescale -9 -12;
    .port_info 0 /OUTPUT 12 "rddata_o";
    .port_info 1 /INPUT 11 "wraddr_i";
    .port_info 2 /INPUT 11 "rdaddr_i";
    .port_info 3 /INPUT 12 "wrdata_i";
    .port_info 4 /INPUT 1 "wren_i";
    .port_info 5 /INPUT 1 "rden_i";
    .port_info 6 /INPUT 1 "wrclk";
    .port_info 7 /INPUT 1 "rdclk";
P_00000000010de5c0 .param/l "ADDR_WIDTH" 0 4 10, +C4<00000000000000000000000000001011>;
P_00000000010de5f8 .param/l "DATA_WIDTH" 0 4 11, +C4<00000000000000000000000000001100>;
P_00000000010de630 .param/l "MEM_DEPTH" 0 4 23, +C4<00000000000000000000100000000000>;
v00000000010c8110 .array "mem", 0 2047, 11 0;
v00000000010c7530_0 .net "rdaddr_i", 10 0, L_0000000001185700;  1 drivers
v00000000010c7710_0 .net "rdclk", 0 0, v0000000001185fc0_0;  alias, 1 drivers
v00000000010c6c70_0 .var "rddata_o", 11 0;
v00000000010c82f0_0 .net "rden_i", 0 0, L_0000000001186100;  1 drivers
v00000000010c77b0_0 .net "wraddr_i", 10 0, L_0000000001186060;  1 drivers
v00000000010c7990_0 .net "wrclk", 0 0, v0000000001185fc0_0;  alias, 1 drivers
v00000000010c7c10_0 .net "wrdata_i", 11 0, L_0000000001184440;  1 drivers
v00000000010c7cb0_0 .net "wren_i", 0 0, L_00000000011855c0;  1 drivers
S_0000000001552ce0 .scope generate, "mem_inst_loop[3]" "mem_inst_loop[3]" 3 314, 3 314 0, S_0000000001142630;
 .timescale -9 -12;
P_00000000011255d0 .param/l "i" 0 3 314, +C4<011>;
S_0000000001552830 .scope module, "inst" "sram" 3 315, 4 10 0, S_0000000001552ce0;
 .timescale -9 -12;
    .port_info 0 /OUTPUT 12 "rddata_o";
    .port_info 1 /INPUT 11 "wraddr_i";
    .port_info 2 /INPUT 11 "rdaddr_i";
    .port_info 3 /INPUT 12 "wrdata_i";
    .port_info 4 /INPUT 1 "wren_i";
    .port_info 5 /INPUT 1 "rden_i";
    .port_info 6 /INPUT 1 "wrclk";
    .port_info 7 /INPUT 1 "rdclk";
P_00000000011427c0 .param/l "ADDR_WIDTH" 0 4 10, +C4<00000000000000000000000000001011>;
P_00000000011427f8 .param/l "DATA_WIDTH" 0 4 11, +C4<00000000000000000000000000001100>;
P_0000000001142830 .param/l "MEM_DEPTH" 0 4 23, +C4<00000000000000000000100000000000>;
v00000000010c7d50 .array "mem", 0 2047, 11 0;
v00000000010c8390_0 .net "rdaddr_i", 10 0, L_0000000001185660;  1 drivers
v00000000010c7df0_0 .net "rdclk", 0 0, v0000000001185fc0_0;  alias, 1 drivers
v00000000010c8430_0 .var "rddata_o", 11 0;
v00000000010c6630_0 .net "rden_i", 0 0, L_0000000001185840;  1 drivers
v00000000010c68b0_0 .net "wraddr_i", 10 0, L_00000000011853e0;  1 drivers
v00000000010c6d10_0 .net "wrclk", 0 0, v0000000001185fc0_0;  alias, 1 drivers
v00000000010c6db0_0 .net "wrdata_i", 11 0, L_0000000001184a80;  1 drivers
v00000000010c6e50_0 .net "wren_i", 0 0, L_00000000011857a0;  1 drivers
S_0000000001552e70 .scope generate, "mem_inst_loop[4]" "mem_inst_loop[4]" 3 314, 3 314 0, S_0000000001142630;
 .timescale -9 -12;
P_00000000011261d0 .param/l "i" 0 3 314, +C4<0100>;
S_00000000015521f0 .scope module, "inst" "sram" 3 315, 4 10 0, S_0000000001552e70;
 .timescale -9 -12;
    .port_info 0 /OUTPUT 12 "rddata_o";
    .port_info 1 /INPUT 11 "wraddr_i";
    .port_info 2 /INPUT 11 "rdaddr_i";
    .port_info 3 /INPUT 12 "wrdata_i";
    .port_info 4 /INPUT 1 "wren_i";
    .port_info 5 /INPUT 1 "rden_i";
    .port_info 6 /INPUT 1 "wrclk";
    .port_info 7 /INPUT 1 "rdclk";
P_00000000011fe290 .param/l "ADDR_WIDTH" 0 4 10, +C4<00000000000000000000000000001011>;
P_00000000011fe2c8 .param/l "DATA_WIDTH" 0 4 11, +C4<00000000000000000000000000001100>;
P_00000000011fe300 .param/l "MEM_DEPTH" 0 4 23, +C4<00000000000000000000100000000000>;
v00000000010c6f90 .array "mem", 0 2047, 11 0;
v00000000010c7030_0 .net "rdaddr_i", 10 0, L_0000000001184580;  1 drivers
v00000000010c7170_0 .net "rdclk", 0 0, v0000000001185fc0_0;  alias, 1 drivers
v00000000010c72b0_0 .var "rddata_o", 11 0;
v000000000111d040_0 .net "rden_i", 0 0, L_0000000001184940;  1 drivers
v000000000111d5e0_0 .net "wraddr_i", 10 0, L_00000000011844e0;  1 drivers
v000000000111de00_0 .net "wrclk", 0 0, v0000000001185fc0_0;  alias, 1 drivers
v000000000111d4a0_0 .net "wrdata_i", 11 0, L_00000000011846c0;  1 drivers
v000000000111e260_0 .net "wren_i", 0 0, L_0000000001184c60;  1 drivers
S_0000000001552b50 .scope generate, "mem_rd_addr_loop[0]" "mem_rd_addr_loop[0]" 3 173, 3 173 0, S_0000000001142630;
 .timescale -9 -12;
P_0000000001126210 .param/l "i" 0 3 173, +C4<00>;
S_0000000001552380 .scope generate, "mem_rd_addr_loop[1]" "mem_rd_addr_loop[1]" 3 173, 3 173 0, S_0000000001142630;
 .timescale -9 -12;
P_00000000011270d0 .param/l "i" 0 3 173, +C4<01>;
S_00000000015529c0 .scope generate, "mem_rd_addr_loop[2]" "mem_rd_addr_loop[2]" 3 173, 3 173 0, S_0000000001142630;
 .timescale -9 -12;
P_00000000011253d0 .param/l "i" 0 3 173, +C4<010>;
S_0000000001552060 .scope generate, "mem_rd_addr_loop[3]" "mem_rd_addr_loop[3]" 3 173, 3 173 0, S_0000000001142630;
 .timescale -9 -12;
P_0000000001124a50 .param/l "i" 0 3 173, +C4<011>;
S_0000000001552510 .scope generate, "mem_rd_addr_loop[4]" "mem_rd_addr_loop[4]" 3 173, 3 173 0, S_0000000001142630;
 .timescale -9 -12;
P_0000000001124710 .param/l "i" 0 3 173, +C4<0100>;
    .scope S_0000000001552b50;
T_0 ;
    %wait E_0000000001126350;
    %load/vec4 v0000000001185b60_0;
    %nor/r;
    %flag_set/vec4 8;
    %jmp/0xz  T_0.0, 8;
    %pushi/vec4 0, 0, 11;
    %ix/load 4, 0, 0;
    %ix/load 5, 0, 0;
    %flag_set/imm 4, 0;
    %assign/vec4/off/d v000000000111d0e0_0, 4, 5;
    %jmp T_0.1;
T_0.0 ;
    %load/vec4 v000000000111e580_0;
    %pad/u 32;
    %cmpi/e 0, 0, 32;
    %jmp/0xz  T_0.2, 4;
    %pushi/vec4 1919, 0, 11;
    %ix/load 4, 0, 0;
    %ix/load 5, 0, 0;
    %flag_set/imm 4, 0;
    %assign/vec4/off/d v000000000111d0e0_0, 4, 5;
    %jmp T_0.3;
T_0.2 ;
    %load/vec4 v000000000111e580_0;
    %subi 1, 0, 11;
    %ix/load 4, 0, 0;
    %ix/load 5, 0, 0;
    %flag_set/imm 4, 0;
    %assign/vec4/off/d v000000000111d0e0_0, 4, 5;
T_0.3 ;
T_0.1 ;
    %jmp T_0;
    .thread T_0;
    .scope S_0000000001552b50;
T_1 ;
    %wait E_0000000001126350;
    %load/vec4 v0000000001185b60_0;
    %nor/r;
    %flag_set/vec4 8;
    %jmp/0xz  T_1.0, 8;
    %pushi/vec4 0, 0, 11;
    %ix/load 4, 0, 0;
    %ix/load 5, 0, 0;
    %flag_set/imm 4, 0;
    %assign/vec4/off/d v00000000011850c0_0, 4, 5;
    %jmp T_1.1;
T_1.0 ;
    %load/vec4 v000000000111e580_0;
    %pad/u 32;
    %cmpi/e 0, 0, 32;
    %jmp/0xz  T_1.2, 4;
    %pushi/vec4 1919, 0, 11;
    %ix/load 4, 0, 0;
    %ix/load 5, 0, 0;
    %flag_set/imm 4, 0;
    %assign/vec4/off/d v00000000011850c0_0, 4, 5;
    %jmp T_1.3;
T_1.2 ;
    %load/vec4 v000000000111e580_0;
    %subi 1, 0, 11;
    %ix/load 4, 0, 0;
    %ix/load 5, 0, 0;
    %flag_set/imm 4, 0;
    %assign/vec4/off/d v00000000011850c0_0, 4, 5;
T_1.3 ;
T_1.1 ;
    %jmp T_1;
    .thread T_1;
    .scope S_0000000001552b50;
T_2 ;
    %wait E_0000000001126350;
    %load/vec4 v0000000001185b60_0;
    %nor/r;
    %flag_set/vec4 8;
    %jmp/0xz  T_2.0, 8;
    %pushi/vec4 0, 0, 12;
    %ix/load 4, 0, 0;
    %ix/load 5, 0, 0;
    %flag_set/imm 4, 0;
    %assign/vec4/off/d v00000000011843a0_0, 4, 5;
    %jmp T_2.1;
T_2.0 ;
    %load/vec4 v000000000111ebc0_0;
    %ix/load 4, 0, 0;
    %ix/load 5, 0, 0;
    %flag_set/imm 4, 0;
    %assign/vec4/off/d v00000000011843a0_0, 4, 5;
T_2.1 ;
    %jmp T_2;
    .thread T_2;
    .scope S_0000000001552380;
T_3 ;
    %wait E_0000000001126350;
    %load/vec4 v0000000001185b60_0;
    %nor/r;
    %flag_set/vec4 8;
    %jmp/0xz  T_3.0, 8;
    %pushi/vec4 0, 0, 11;
    %ix/load 4, 11, 0;
    %ix/load 5, 0, 0;
    %flag_set/imm 4, 0;
    %assign/vec4/off/d v000000000111d0e0_0, 4, 5;
    %jmp T_3.1;
T_3.0 ;
    %load/vec4 v000000000111e580_0;
    %pad/u 32;
    %cmpi/e 0, 0, 32;
    %jmp/0xz  T_3.2, 4;
    %pushi/vec4 1919, 0, 11;
    %ix/load 4, 11, 0;
    %ix/load 5, 0, 0;
    %flag_set/imm 4, 0;
    %assign/vec4/off/d v000000000111d0e0_0, 4, 5;
    %jmp T_3.3;
T_3.2 ;
    %load/vec4 v000000000111e580_0;
    %subi 1, 0, 11;
    %ix/load 4, 11, 0;
    %ix/load 5, 0, 0;
    %flag_set/imm 4, 0;
    %assign/vec4/off/d v000000000111d0e0_0, 4, 5;
T_3.3 ;
T_3.1 ;
    %jmp T_3;
    .thread T_3;
    .scope S_0000000001552380;
T_4 ;
    %wait E_0000000001126350;
    %load/vec4 v0000000001185b60_0;
    %nor/r;
    %flag_set/vec4 8;
    %jmp/0xz  T_4.0, 8;
    %pushi/vec4 0, 0, 11;
    %ix/load 4, 11, 0;
    %ix/load 5, 0, 0;
    %flag_set/imm 4, 0;
    %assign/vec4/off/d v00000000011850c0_0, 4, 5;
    %jmp T_4.1;
T_4.0 ;
    %load/vec4 v000000000111e580_0;
    %pad/u 32;
    %cmpi/e 0, 0, 32;
    %jmp/0xz  T_4.2, 4;
    %pushi/vec4 1919, 0, 11;
    %ix/load 4, 11, 0;
    %ix/load 5, 0, 0;
    %flag_set/imm 4, 0;
    %assign/vec4/off/d v00000000011850c0_0, 4, 5;
    %jmp T_4.3;
T_4.2 ;
    %load/vec4 v000000000111e580_0;
    %subi 1, 0, 11;
    %ix/load 4, 11, 0;
    %ix/load 5, 0, 0;
    %flag_set/imm 4, 0;
    %assign/vec4/off/d v00000000011850c0_0, 4, 5;
T_4.3 ;
T_4.1 ;
    %jmp T_4;
    .thread T_4;
    .scope S_0000000001552380;
T_5 ;
    %wait E_0000000001126350;
    %load/vec4 v0000000001185b60_0;
    %nor/r;
    %flag_set/vec4 8;
    %jmp/0xz  T_5.0, 8;
    %pushi/vec4 0, 0, 12;
    %ix/load 4, 12, 0;
    %ix/load 5, 0, 0;
    %flag_set/imm 4, 0;
    %assign/vec4/off/d v00000000011843a0_0, 4, 5;
    %jmp T_5.1;
T_5.0 ;
    %load/vec4 v000000000111ebc0_0;
    %ix/load 4, 12, 0;
    %ix/load 5, 0, 0;
    %flag_set/imm 4, 0;
    %assign/vec4/off/d v00000000011843a0_0, 4, 5;
T_5.1 ;
    %jmp T_5;
    .thread T_5;
    .scope S_00000000015529c0;
T_6 ;
    %wait E_0000000001126350;
    %load/vec4 v0000000001185b60_0;
    %nor/r;
    %flag_set/vec4 8;
    %jmp/0xz  T_6.0, 8;
    %pushi/vec4 0, 0, 11;
    %ix/load 4, 22, 0;
    %ix/load 5, 0, 0;
    %flag_set/imm 4, 0;
    %assign/vec4/off/d v000000000111d0e0_0, 4, 5;
    %jmp T_6.1;
T_6.0 ;
    %load/vec4 v000000000111e580_0;
    %pad/u 32;
    %cmpi/e 0, 0, 32;
    %jmp/0xz  T_6.2, 4;
    %pushi/vec4 1919, 0, 11;
    %ix/load 4, 22, 0;
    %ix/load 5, 0, 0;
    %flag_set/imm 4, 0;
    %assign/vec4/off/d v000000000111d0e0_0, 4, 5;
    %jmp T_6.3;
T_6.2 ;
    %load/vec4 v000000000111e580_0;
    %subi 1, 0, 11;
    %ix/load 4, 22, 0;
    %ix/load 5, 0, 0;
    %flag_set/imm 4, 0;
    %assign/vec4/off/d v000000000111d0e0_0, 4, 5;
T_6.3 ;
T_6.1 ;
    %jmp T_6;
    .thread T_6;
    .scope S_00000000015529c0;
T_7 ;
    %wait E_0000000001126350;
    %load/vec4 v0000000001185b60_0;
    %nor/r;
    %flag_set/vec4 8;
    %jmp/0xz  T_7.0, 8;
    %pushi/vec4 0, 0, 11;
    %ix/load 4, 22, 0;
    %ix/load 5, 0, 0;
    %flag_set/imm 4, 0;
    %assign/vec4/off/d v00000000011850c0_0, 4, 5;
    %jmp T_7.1;
T_7.0 ;
    %load/vec4 v000000000111e580_0;
    %pad/u 32;
    %cmpi/e 0, 0, 32;
    %jmp/0xz  T_7.2, 4;
    %pushi/vec4 1919, 0, 11;
    %ix/load 4, 22, 0;
    %ix/load 5, 0, 0;
    %flag_set/imm 4, 0;
    %assign/vec4/off/d v00000000011850c0_0, 4, 5;
    %jmp T_7.3;
T_7.2 ;
    %load/vec4 v000000000111e580_0;
    %subi 1, 0, 11;
    %ix/load 4, 22, 0;
    %ix/load 5, 0, 0;
    %flag_set/imm 4, 0;
    %assign/vec4/off/d v00000000011850c0_0, 4, 5;
T_7.3 ;
T_7.1 ;
    %jmp T_7;
    .thread T_7;
    .scope S_00000000015529c0;
T_8 ;
    %wait E_0000000001126350;
    %load/vec4 v0000000001185b60_0;
    %nor/r;
    %flag_set/vec4 8;
    %jmp/0xz  T_8.0, 8;
    %pushi/vec4 0, 0, 12;
    %ix/load 4, 24, 0;
    %ix/load 5, 0, 0;
    %flag_set/imm 4, 0;
    %assign/vec4/off/d v00000000011843a0_0, 4, 5;
    %jmp T_8.1;
T_8.0 ;
    %load/vec4 v000000000111ebc0_0;
    %ix/load 4, 24, 0;
    %ix/load 5, 0, 0;
    %flag_set/imm 4, 0;
    %assign/vec4/off/d v00000000011843a0_0, 4, 5;
T_8.1 ;
    %jmp T_8;
    .thread T_8;
    .scope S_0000000001552060;
T_9 ;
    %wait E_0000000001126350;
    %load/vec4 v0000000001185b60_0;
    %nor/r;
    %flag_set/vec4 8;
    %jmp/0xz  T_9.0, 8;
    %pushi/vec4 0, 0, 11;
    %ix/load 4, 33, 0;
    %ix/load 5, 0, 0;
    %flag_set/imm 4, 0;
    %assign/vec4/off/d v000000000111d0e0_0, 4, 5;
    %jmp T_9.1;
T_9.0 ;
    %load/vec4 v000000000111e580_0;
    %pad/u 32;
    %cmpi/e 0, 0, 32;
    %jmp/0xz  T_9.2, 4;
    %pushi/vec4 1919, 0, 11;
    %ix/load 4, 33, 0;
    %ix/load 5, 0, 0;
    %flag_set/imm 4, 0;
    %assign/vec4/off/d v000000000111d0e0_0, 4, 5;
    %jmp T_9.3;
T_9.2 ;
    %load/vec4 v000000000111e580_0;
    %subi 1, 0, 11;
    %ix/load 4, 33, 0;
    %ix/load 5, 0, 0;
    %flag_set/imm 4, 0;
    %assign/vec4/off/d v000000000111d0e0_0, 4, 5;
T_9.3 ;
T_9.1 ;
    %jmp T_9;
    .thread T_9;
    .scope S_0000000001552060;
T_10 ;
    %wait E_0000000001126350;
    %load/vec4 v0000000001185b60_0;
    %nor/r;
    %flag_set/vec4 8;
    %jmp/0xz  T_10.0, 8;
    %pushi/vec4 0, 0, 11;
    %ix/load 4, 33, 0;
    %ix/load 5, 0, 0;
    %flag_set/imm 4, 0;
    %assign/vec4/off/d v00000000011850c0_0, 4, 5;
    %jmp T_10.1;
T_10.0 ;
    %load/vec4 v000000000111e580_0;
    %pad/u 32;
    %cmpi/e 0, 0, 32;
    %jmp/0xz  T_10.2, 4;
    %pushi/vec4 1919, 0, 11;
    %ix/load 4, 33, 0;
    %ix/load 5, 0, 0;
    %flag_set/imm 4, 0;
    %assign/vec4/off/d v00000000011850c0_0, 4, 5;
    %jmp T_10.3;
T_10.2 ;
    %load/vec4 v000000000111e580_0;
    %subi 1, 0, 11;
    %ix/load 4, 33, 0;
    %ix/load 5, 0, 0;
    %flag_set/imm 4, 0;
    %assign/vec4/off/d v00000000011850c0_0, 4, 5;
T_10.3 ;
T_10.1 ;
    %jmp T_10;
    .thread T_10;
    .scope S_0000000001552060;
T_11 ;
    %wait E_0000000001126350;
    %load/vec4 v0000000001185b60_0;
    %nor/r;
    %flag_set/vec4 8;
    %jmp/0xz  T_11.0, 8;
    %pushi/vec4 0, 0, 12;
    %ix/load 4, 36, 0;
    %ix/load 5, 0, 0;
    %flag_set/imm 4, 0;
    %assign/vec4/off/d v00000000011843a0_0, 4, 5;
    %jmp T_11.1;
T_11.0 ;
    %load/vec4 v000000000111ebc0_0;
    %ix/load 4, 36, 0;
    %ix/load 5, 0, 0;
    %flag_set/imm 4, 0;
    %assign/vec4/off/d v00000000011843a0_0, 4, 5;
T_11.1 ;
    %jmp T_11;
    .thread T_11;
    .scope S_0000000001552510;
T_12 ;
    %wait E_0000000001126350;
    %load/vec4 v0000000001185b60_0;
    %nor/r;
    %flag_set/vec4 8;
    %jmp/0xz  T_12.0, 8;
    %pushi/vec4 0, 0, 11;
    %ix/load 4, 44, 0;
    %ix/load 5, 0, 0;
    %flag_set/imm 4, 0;
    %assign/vec4/off/d v000000000111d0e0_0, 4, 5;
    %jmp T_12.1;
T_12.0 ;
    %load/vec4 v000000000111e580_0;
    %pad/u 32;
    %cmpi/e 0, 0, 32;
    %jmp/0xz  T_12.2, 4;
    %pushi/vec4 1919, 0, 11;
    %ix/load 4, 44, 0;
    %ix/load 5, 0, 0;
    %flag_set/imm 4, 0;
    %assign/vec4/off/d v000000000111d0e0_0, 4, 5;
    %jmp T_12.3;
T_12.2 ;
    %load/vec4 v000000000111e580_0;
    %subi 1, 0, 11;
    %ix/load 4, 44, 0;
    %ix/load 5, 0, 0;
    %flag_set/imm 4, 0;
    %assign/vec4/off/d v000000000111d0e0_0, 4, 5;
T_12.3 ;
T_12.1 ;
    %jmp T_12;
    .thread T_12;
    .scope S_0000000001552510;
T_13 ;
    %wait E_0000000001126350;
    %load/vec4 v0000000001185b60_0;
    %nor/r;
    %flag_set/vec4 8;
    %jmp/0xz  T_13.0, 8;
    %pushi/vec4 0, 0, 11;
    %ix/load 4, 44, 0;
    %ix/load 5, 0, 0;
    %flag_set/imm 4, 0;
    %assign/vec4/off/d v00000000011850c0_0, 4, 5;
    %jmp T_13.1;
T_13.0 ;
    %load/vec4 v000000000111e580_0;
    %pad/u 32;
    %cmpi/e 0, 0, 32;
    %jmp/0xz  T_13.2, 4;
    %pushi/vec4 1919, 0, 11;
    %ix/load 4, 44, 0;
    %ix/load 5, 0, 0;
    %flag_set/imm 4, 0;
    %assign/vec4/off/d v00000000011850c0_0, 4, 5;
    %jmp T_13.3;
T_13.2 ;
    %load/vec4 v000000000111e580_0;
    %subi 1, 0, 11;
    %ix/load 4, 44, 0;
    %ix/load 5, 0, 0;
    %flag_set/imm 4, 0;
    %assign/vec4/off/d v00000000011850c0_0, 4, 5;
T_13.3 ;
T_13.1 ;
    %jmp T_13;
    .thread T_13;
    .scope S_0000000001552510;
T_14 ;
    %wait E_0000000001126350;
    %load/vec4 v0000000001185b60_0;
    %nor/r;
    %flag_set/vec4 8;
    %jmp/0xz  T_14.0, 8;
    %pushi/vec4 0, 0, 12;
    %ix/load 4, 48, 0;
    %ix/load 5, 0, 0;
    %flag_set/imm 4, 0;
    %assign/vec4/off/d v00000000011843a0_0, 4, 5;
    %jmp T_14.1;
T_14.0 ;
    %load/vec4 v000000000111ebc0_0;
    %ix/load 4, 48, 0;
    %ix/load 5, 0, 0;
    %flag_set/imm 4, 0;
    %assign/vec4/off/d v00000000011843a0_0, 4, 5;
T_14.1 ;
    %jmp T_14;
    .thread T_14;
    .scope S_00000000011fe100;
T_15 ;
    %wait E_0000000001126350;
    %load/vec4 v0000000001185b60_0;
    %nor/r;
    %flag_set/vec4 8;
    %jmp/0xz  T_15.0, 8;
    %pushi/vec4 0, 0, 12;
    %ix/load 3, 1, 0;
    %flag_set/imm 4, 0;
    %ix/load 4, 0, 0; Constant delay
    %assign/vec4/a/d v000000000111d180, 0, 4;
    %jmp T_15.1;
T_15.0 ;
    %ix/load 4, 0, 0;
    %flag_set/imm 4, 0;
    %load/vec4a v000000000111d180, 4;
    %parti/s 12, 0, 2;
    %ix/load 3, 1, 0;
    %flag_set/imm 4, 0;
    %ix/load 4, 0, 0; Constant delay
    %assign/vec4/a/d v000000000111d180, 0, 4;
T_15.1 ;
    %jmp T_15;
    .thread T_15;
    .scope S_00000000010d8c90;
T_16 ;
    %wait E_0000000001126350;
    %load/vec4 v0000000001185b60_0;
    %nor/r;
    %flag_set/vec4 8;
    %jmp/0xz  T_16.0, 8;
    %pushi/vec4 0, 0, 12;
    %ix/load 3, 1, 0;
    %flag_set/imm 4, 0;
    %ix/load 4, 12, 0; part off
    %ix/load 5, 0, 0; Constant delay
    %assign/vec4/a/d v000000000111d180, 4, 5;
    %jmp T_16.1;
T_16.0 ;
    %ix/load 4, 0, 0;
    %flag_set/imm 4, 0;
    %load/vec4a v000000000111d180, 4;
    %parti/s 12, 12, 5;
    %ix/load 3, 1, 0;
    %flag_set/imm 4, 0;
    %ix/load 4, 12, 0; part off
    %ix/load 5, 0, 0; Constant delay
    %assign/vec4/a/d v000000000111d180, 4, 5;
T_16.1 ;
    %jmp T_16;
    .thread T_16;
    .scope S_00000000010d8e20;
T_17 ;
    %wait E_0000000001126350;
    %load/vec4 v0000000001185b60_0;
    %nor/r;
    %flag_set/vec4 8;
    %jmp/0xz  T_17.0, 8;
    %pushi/vec4 0, 0, 12;
    %ix/load 3, 1, 0;
    %flag_set/imm 4, 0;
    %ix/load 4, 24, 0; part off
    %ix/load 5, 0, 0; Constant delay
    %assign/vec4/a/d v000000000111d180, 4, 5;
    %jmp T_17.1;
T_17.0 ;
    %ix/load 4, 0, 0;
    %flag_set/imm 4, 0;
    %load/vec4a v000000000111d180, 4;
    %parti/s 12, 24, 6;
    %ix/load 3, 1, 0;
    %flag_set/imm 4, 0;
    %ix/load 4, 24, 0; part off
    %ix/load 5, 0, 0; Constant delay
    %assign/vec4/a/d v000000000111d180, 4, 5;
T_17.1 ;
    %jmp T_17;
    .thread T_17;
    .scope S_00000000010d8fb0;
T_18 ;
    %wait E_0000000001126350;
    %load/vec4 v0000000001185b60_0;
    %nor/r;
    %flag_set/vec4 8;
    %jmp/0xz  T_18.0, 8;
    %pushi/vec4 0, 0, 12;
    %ix/load 3, 1, 0;
    %flag_set/imm 4, 0;
    %ix/load 4, 36, 0; part off
    %ix/load 5, 0, 0; Constant delay
    %assign/vec4/a/d v000000000111d180, 4, 5;
    %jmp T_18.1;
T_18.0 ;
    %ix/load 4, 0, 0;
    %flag_set/imm 4, 0;
    %load/vec4a v000000000111d180, 4;
    %parti/s 12, 36, 7;
    %ix/load 3, 1, 0;
    %flag_set/imm 4, 0;
    %ix/load 4, 36, 0; part off
    %ix/load 5, 0, 0; Constant delay
    %assign/vec4/a/d v000000000111d180, 4, 5;
T_18.1 ;
    %jmp T_18;
    .thread T_18;
    .scope S_00000000010de110;
T_19 ;
    %wait E_0000000001126350;
    %load/vec4 v0000000001185b60_0;
    %nor/r;
    %flag_set/vec4 8;
    %jmp/0xz  T_19.0, 8;
    %pushi/vec4 0, 0, 12;
    %ix/load 3, 0, 0;
    %flag_set/imm 4, 0;
    %ix/load 4, 0, 0; Constant delay
    %assign/vec4/a/d v000000000111d180, 0, 4;
    %jmp T_19.1;
T_19.0 ;
    %load/vec4 v000000000111e4e0_0;
    %parti/s 12, 0, 2;
    %ix/load 3, 0, 0;
    %flag_set/imm 4, 0;
    %ix/load 4, 0, 0; Constant delay
    %assign/vec4/a/d v000000000111d180, 0, 4;
T_19.1 ;
    %jmp T_19;
    .thread T_19;
    .scope S_00000000010de2a0;
T_20 ;
    %wait E_0000000001126350;
    %load/vec4 v0000000001185b60_0;
    %nor/r;
    %flag_set/vec4 8;
    %jmp/0xz  T_20.0, 8;
    %pushi/vec4 0, 0, 12;
    %ix/load 3, 0, 0;
    %flag_set/imm 4, 0;
    %ix/load 4, 12, 0; part off
    %ix/load 5, 0, 0; Constant delay
    %assign/vec4/a/d v000000000111d180, 4, 5;
    %jmp T_20.1;
T_20.0 ;
    %load/vec4 v000000000111e4e0_0;
    %parti/s 12, 12, 5;
    %ix/load 3, 0, 0;
    %flag_set/imm 4, 0;
    %ix/load 4, 12, 0; part off
    %ix/load 5, 0, 0; Constant delay
    %assign/vec4/a/d v000000000111d180, 4, 5;
T_20.1 ;
    %jmp T_20;
    .thread T_20;
    .scope S_00000000010de430;
T_21 ;
    %wait E_0000000001126350;
    %load/vec4 v0000000001185b60_0;
    %nor/r;
    %flag_set/vec4 8;
    %jmp/0xz  T_21.0, 8;
    %pushi/vec4 0, 0, 12;
    %ix/load 3, 0, 0;
    %flag_set/imm 4, 0;
    %ix/load 4, 24, 0; part off
    %ix/load 5, 0, 0; Constant delay
    %assign/vec4/a/d v000000000111d180, 4, 5;
    %jmp T_21.1;
T_21.0 ;
    %load/vec4 v000000000111e4e0_0;
    %parti/s 12, 24, 6;
    %ix/load 3, 0, 0;
    %flag_set/imm 4, 0;
    %ix/load 4, 24, 0; part off
    %ix/load 5, 0, 0; Constant delay
    %assign/vec4/a/d v000000000111d180, 4, 5;
T_21.1 ;
    %jmp T_21;
    .thread T_21;
    .scope S_0000000001142d80;
T_22 ;
    %wait E_0000000001126350;
    %load/vec4 v0000000001185b60_0;
    %nor/r;
    %flag_set/vec4 8;
    %jmp/0xz  T_22.0, 8;
    %pushi/vec4 0, 0, 12;
    %ix/load 3, 0, 0;
    %flag_set/imm 4, 0;
    %ix/load 4, 36, 0; part off
    %ix/load 5, 0, 0; Constant delay
    %assign/vec4/a/d v000000000111d180, 4, 5;
    %jmp T_22.1;
T_22.0 ;
    %load/vec4 v000000000111e4e0_0;
    %parti/s 12, 36, 7;
    %ix/load 3, 0, 0;
    %flag_set/imm 4, 0;
    %ix/load 4, 36, 0; part off
    %ix/load 5, 0, 0; Constant delay
    %assign/vec4/a/d v000000000111d180, 4, 5;
T_22.1 ;
    %jmp T_22;
    .thread T_22;
    .scope S_00000000011430a0;
T_23 ;
    %wait E_0000000001125490;
    %load/vec4 v00000000010c73f0_0;
    %flag_set/vec4 8;
    %jmp/0xz  T_23.0, 8;
    %load/vec4 v00000000010c7fd0_0;
    %load/vec4 v00000000010c6ef0_0;
    %pad/u 13;
    %ix/vec4 3;
    %ix/load 4, 0, 0; Constant delay
    %assign/vec4/a/d v00000000010c7e90, 0, 4;
T_23.0 ;
    %jmp T_23;
    .thread T_23;
    .scope S_00000000011430a0;
T_24 ;
    %wait E_0000000001125490;
    %load/vec4 v00000000010c8250_0;
    %flag_set/vec4 8;
    %jmp/0xz  T_24.0, 8;
    %load/vec4 v00000000010c7350_0;
    %pad/u 13;
    %ix/vec4 4;
    %load/vec4a v00000000010c7e90, 4;
    %assign/vec4 v00000000010c6bd0_0, 0;
T_24.0 ;
    %jmp T_24;
    .thread T_24;
    .scope S_0000000001133dc0;
T_25 ;
    %wait E_0000000001125490;
    %load/vec4 v00000000010c7210_0;
    %flag_set/vec4 8;
    %jmp/0xz  T_25.0, 8;
    %load/vec4 v00000000010c6950_0;
    %load/vec4 v00000000010c7490_0;
    %pad/u 13;
    %ix/vec4 3;
    %ix/load 4, 0, 0; Constant delay
    %assign/vec4/a/d v00000000010c8070, 0, 4;
T_25.0 ;
    %jmp T_25;
    .thread T_25;
    .scope S_0000000001133dc0;
T_26 ;
    %wait E_0000000001125490;
    %load/vec4 v00000000010c78f0_0;
    %flag_set/vec4 8;
    %jmp/0xz  T_26.0, 8;
    %load/vec4 v00000000010c70d0_0;
    %pad/u 13;
    %ix/vec4 4;
    %load/vec4a v00000000010c8070, 4;
    %assign/vec4 v00000000010c7b70_0, 0;
T_26.0 ;
    %jmp T_26;
    .thread T_26;
    .scope S_00000000011340e0;
T_27 ;
    %wait E_0000000001125490;
    %load/vec4 v00000000010c7cb0_0;
    %flag_set/vec4 8;
    %jmp/0xz  T_27.0, 8;
    %load/vec4 v00000000010c7c10_0;
    %load/vec4 v00000000010c77b0_0;
    %pad/u 13;
    %ix/vec4 3;
    %ix/load 4, 0, 0; Constant delay
    %assign/vec4/a/d v00000000010c8110, 0, 4;
T_27.0 ;
    %jmp T_27;
    .thread T_27;
    .scope S_00000000011340e0;
T_28 ;
    %wait E_0000000001125490;
    %load/vec4 v00000000010c82f0_0;
    %flag_set/vec4 8;
    %jmp/0xz  T_28.0, 8;
    %load/vec4 v00000000010c7530_0;
    %pad/u 13;
    %ix/vec4 4;
    %load/vec4a v00000000010c8110, 4;
    %assign/vec4 v00000000010c6c70_0, 0;
T_28.0 ;
    %jmp T_28;
    .thread T_28;
    .scope S_0000000001552830;
T_29 ;
    %wait E_0000000001125490;
    %load/vec4 v00000000010c6e50_0;
    %flag_set/vec4 8;
    %jmp/0xz  T_29.0, 8;
    %load/vec4 v00000000010c6db0_0;
    %load/vec4 v00000000010c68b0_0;
    %pad/u 13;
    %ix/vec4 3;
    %ix/load 4, 0, 0; Constant delay
    %assign/vec4/a/d v00000000010c7d50, 0, 4;
T_29.0 ;
    %jmp T_29;
    .thread T_29;
    .scope S_0000000001552830;
T_30 ;
    %wait E_0000000001125490;
    %load/vec4 v00000000010c6630_0;
    %flag_set/vec4 8;
    %jmp/0xz  T_30.0, 8;
    %load/vec4 v00000000010c8390_0;
    %pad/u 13;
    %ix/vec4 4;
    %load/vec4a v00000000010c7d50, 4;
    %assign/vec4 v00000000010c8430_0, 0;
T_30.0 ;
    %jmp T_30;
    .thread T_30;
    .scope S_00000000015521f0;
T_31 ;
    %wait E_0000000001125490;
    %load/vec4 v000000000111e260_0;
    %flag_set/vec4 8;
    %jmp/0xz  T_31.0, 8;
    %load/vec4 v000000000111d4a0_0;
    %load/vec4 v000000000111d5e0_0;
    %pad/u 13;
    %ix/vec4 3;
    %ix/load 4, 0, 0; Constant delay
    %assign/vec4/a/d v00000000010c6f90, 0, 4;
T_31.0 ;
    %jmp T_31;
    .thread T_31;
    .scope S_00000000015521f0;
T_32 ;
    %wait E_0000000001125490;
    %load/vec4 v000000000111d040_0;
    %flag_set/vec4 8;
    %jmp/0xz  T_32.0, 8;
    %load/vec4 v00000000010c7030_0;
    %pad/u 13;
    %ix/vec4 4;
    %load/vec4a v00000000010c6f90, 4;
    %assign/vec4 v00000000010c72b0_0, 0;
T_32.0 ;
    %jmp T_32;
    .thread T_32;
    .scope S_0000000001142630;
T_33 ;
    %wait E_0000000001126350;
    %load/vec4 v0000000001185b60_0;
    %nor/r;
    %flag_set/vec4 8;
    %jmp/0xz  T_33.0, 8;
    %pushi/vec4 0, 0, 2;
    %split/vec4 1;
    %assign/vec4 v000000000111e300_0, 0;
    %assign/vec4 v000000000111eda0_0, 0;
    %jmp T_33.1;
T_33.0 ;
    %load/vec4 v000000000111dae0_0;
    %load/vec4 v000000000111eda0_0;
    %concat/vec4; draw_concat_vec4
    %split/vec4 1;
    %assign/vec4 v000000000111e300_0, 0;
    %assign/vec4 v000000000111eda0_0, 0;
T_33.1 ;
    %jmp T_33;
    .thread T_33;
    .scope S_0000000001142630;
T_34 ;
    %wait E_0000000001126350;
    %load/vec4 v0000000001185b60_0;
    %nor/r;
    %flag_set/vec4 8;
    %jmp/0xz  T_34.0, 8;
    %pushi/vec4 0, 0, 3;
    %assign/vec4 v0000000001184300_0, 0;
    %jmp T_34.1;
T_34.0 ;
    %load/vec4 v0000000001184760_0;
    %assign/vec4 v0000000001184300_0, 0;
T_34.1 ;
    %jmp T_34;
    .thread T_34;
    .scope S_0000000001142630;
T_35 ;
    %wait E_0000000001125510;
    %load/vec4 v0000000001184300_0;
    %dup/vec4;
    %pushi/vec4 0, 0, 3;
    %cmp/u;
    %jmp/1 T_35.0, 6;
    %dup/vec4;
    %pushi/vec4 1, 0, 3;
    %cmp/u;
    %jmp/1 T_35.1, 6;
    %dup/vec4;
    %pushi/vec4 2, 0, 3;
    %cmp/u;
    %jmp/1 T_35.2, 6;
    %dup/vec4;
    %pushi/vec4 3, 0, 3;
    %cmp/u;
    %jmp/1 T_35.3, 6;
    %dup/vec4;
    %pushi/vec4 4, 0, 3;
    %cmp/u;
    %jmp/1 T_35.4, 6;
    %pushi/vec4 0, 0, 3;
    %store/vec4 v0000000001184760_0, 0, 3;
    %jmp T_35.6;
T_35.0 ;
    %load/vec4 v00000000011848a0_0;
    %load/vec4 v000000000111e1c0_0;
    %and;
    %flag_set/vec4 8;
    %jmp/0xz  T_35.7, 8;
    %pushi/vec4 1, 0, 3;
    %store/vec4 v0000000001184760_0, 0, 3;
    %jmp T_35.8;
T_35.7 ;
    %pushi/vec4 0, 0, 3;
    %store/vec4 v0000000001184760_0, 0, 3;
T_35.8 ;
    %jmp T_35.6;
T_35.1 ;
    %load/vec4 v000000000111e580_0;
    %pad/u 32;
    %pushi/vec4 1, 0, 32;
    %cmp/e;
    %flag_get/vec4 4;
    %load/vec4 v000000000111dfe0_0;
    %pad/u 32;
    %pushi/vec4 4, 0, 32;
    %cmp/e;
    %flag_get/vec4 4;
    %and;
    %flag_set/vec4 8;
    %jmp/0xz  T_35.9, 8;
    %pushi/vec4 2, 0, 3;
    %store/vec4 v0000000001184760_0, 0, 3;
    %jmp T_35.10;
T_35.9 ;
    %pushi/vec4 1, 0, 3;
    %store/vec4 v0000000001184760_0, 0, 3;
T_35.10 ;
    %jmp T_35.6;
T_35.2 ;
    %load/vec4 v000000000111e580_0;
    %pad/u 32;
    %cmpi/e 1919, 0, 32;
    %jmp/0xz  T_35.11, 4;
    %pushi/vec4 3, 0, 3;
    %store/vec4 v0000000001184760_0, 0, 3;
    %jmp T_35.12;
T_35.11 ;
    %load/vec4 v000000000111e580_0;
    %pad/u 32;
    %pushi/vec4 1919, 0, 32;
    %cmp/e;
    %flag_get/vec4 4;
    %load/vec4 v000000000111dfe0_0;
    %pad/u 32;
    %pushi/vec4 1079, 0, 32;
    %cmp/e;
    %flag_get/vec4 4;
    %and;
    %flag_set/vec4 8;
    %jmp/0xz  T_35.13, 8;
    %pushi/vec4 4, 0, 3;
    %store/vec4 v0000000001184760_0, 0, 3;
    %jmp T_35.14;
T_35.13 ;
    %pushi/vec4 2, 0, 3;
    %store/vec4 v0000000001184760_0, 0, 3;
T_35.14 ;
T_35.12 ;
    %jmp T_35.6;
T_35.3 ;
    %pushi/vec4 2, 0, 3;
    %store/vec4 v0000000001184760_0, 0, 3;
    %jmp T_35.6;
T_35.4 ;
    %load/vec4 v000000000111e580_0;
    %pad/u 32;
    %pushi/vec4 1919, 0, 32;
    %cmp/e;
    %flag_get/vec4 4;
    %load/vec4 v000000000111dfe0_0;
    %pad/u 32;
    %pushi/vec4 1081, 0, 32;
    %cmp/e;
    %flag_get/vec4 4;
    %and;
    %flag_set/vec4 8;
    %jmp/0xz  T_35.15, 8;
    %pushi/vec4 0, 0, 3;
    %store/vec4 v0000000001184760_0, 0, 3;
    %jmp T_35.16;
T_35.15 ;
    %pushi/vec4 4, 0, 3;
    %store/vec4 v0000000001184760_0, 0, 3;
T_35.16 ;
    %jmp T_35.6;
T_35.6 ;
    %pop/vec4 1;
    %jmp T_35;
    .thread T_35, $push;
    .scope S_0000000001142630;
T_36 ;
    %wait E_0000000001126350;
    %load/vec4 v0000000001185b60_0;
    %nor/r;
    %flag_set/vec4 8;
    %jmp/0xz  T_36.0, 8;
    %pushi/vec4 0, 0, 11;
    %assign/vec4 v000000000111e580_0, 0;
    %jmp T_36.1;
T_36.0 ;
    %load/vec4 v0000000001184300_0;
    %cmpi/e 0, 0, 3;
    %jmp/0xz  T_36.2, 4;
    %pushi/vec4 0, 0, 11;
    %assign/vec4 v000000000111e580_0, 0;
    %jmp T_36.3;
T_36.2 ;
    %load/vec4 v000000000111e580_0;
    %pad/u 32;
    %cmpi/e 1919, 0, 32;
    %jmp/0xz  T_36.4, 4;
    %pushi/vec4 0, 0, 11;
    %assign/vec4 v000000000111e580_0, 0;
    %jmp T_36.5;
T_36.4 ;
    %load/vec4 v000000000111e580_0;
    %addi 1, 0, 11;
    %assign/vec4 v000000000111e580_0, 0;
T_36.5 ;
T_36.3 ;
T_36.1 ;
    %jmp T_36;
    .thread T_36;
    .scope S_0000000001142630;
T_37 ;
    %wait E_0000000001126350;
    %load/vec4 v0000000001185b60_0;
    %nor/r;
    %flag_set/vec4 8;
    %jmp/0xz  T_37.0, 8;
    %pushi/vec4 0, 0, 11;
    %assign/vec4 v000000000111dfe0_0, 0;
    %jmp T_37.1;
T_37.0 ;
    %load/vec4 v0000000001184300_0;
    %cmpi/e 0, 0, 3;
    %jmp/0xz  T_37.2, 4;
    %pushi/vec4 0, 0, 11;
    %assign/vec4 v000000000111dfe0_0, 0;
    %jmp T_37.3;
T_37.2 ;
    %load/vec4 v000000000111e580_0;
    %pad/u 32;
    %cmpi/e 1919, 0, 32;
    %jmp/0xz  T_37.4, 4;
    %load/vec4 v000000000111dfe0_0;
    %addi 1, 0, 11;
    %assign/vec4 v000000000111dfe0_0, 0;
T_37.4 ;
T_37.3 ;
T_37.1 ;
    %jmp T_37;
    .thread T_37;
    .scope S_0000000001142630;
T_38 ;
    %wait E_0000000001126350;
    %load/vec4 v0000000001185b60_0;
    %nor/r;
    %flag_set/vec4 8;
    %jmp/0xz  T_38.0, 8;
    %pushi/vec4 0, 0, 5;
    %assign/vec4 v0000000001184da0_0, 0;
    %jmp T_38.1;
T_38.0 ;
    %load/vec4 v0000000001184760_0;
    %cmpi/e 0, 0, 3;
    %flag_mov 8, 4;
    %load/vec4 v0000000001184760_0;
    %cmpi/e 4, 0, 3;
    %flag_or 4, 8;
    %jmp/0xz  T_38.2, 4;
    %pushi/vec4 0, 0, 5;
    %assign/vec4 v0000000001184da0_0, 0;
    %jmp T_38.3;
T_38.2 ;
    %load/vec4 v000000000111dfe0_0;
    %pad/u 32;
    %cmpi/u 4, 0, 32;
    %flag_or 5, 4;
    %jmp/0xz  T_38.4, 5;
    %pushi/vec4 1, 0, 5;
    %ix/getv 4, v000000000111dfe0_0;
    %shiftl 4;
    %assign/vec4 v0000000001184da0_0, 0;
    %jmp T_38.5;
T_38.4 ;
    %pushi/vec4 1, 0, 5;
    %load/vec4 v000000000111dfe0_0;
    %pad/u 32;
    %subi 5, 0, 32;
    %ix/vec4 4;
    %shiftl 4;
    %assign/vec4 v0000000001184da0_0, 0;
T_38.5 ;
T_38.3 ;
T_38.1 ;
    %jmp T_38;
    .thread T_38;
    .scope S_0000000001142630;
T_39 ;
    %wait E_0000000001126350;
    %load/vec4 v0000000001185b60_0;
    %nor/r;
    %flag_set/vec4 8;
    %jmp/0xz  T_39.0, 8;
    %pushi/vec4 0, 0, 5;
    %assign/vec4 v0000000001185520_0, 0;
    %jmp T_39.1;
T_39.0 ;
    %load/vec4 v0000000001184760_0;
    %cmpi/e 0, 0, 3;
    %flag_mov 8, 4;
    %load/vec4 v0000000001184760_0;
    %cmpi/e 1, 0, 3;
    %flag_or 4, 8;
    %jmp/0xz  T_39.2, 4;
    %pushi/vec4 0, 0, 5;
    %assign/vec4 v0000000001185520_0, 0;
    %jmp T_39.3;
T_39.2 ;
    %load/vec4 v0000000001184760_0;
    %cmpi/e 4, 0, 3;
    %jmp/0xz  T_39.4, 4;
    %pushi/vec4 1, 0, 5;
    %load/vec4 v000000000111dfe0_0;
    %pad/u 32;
    %addi 4294966218, 0, 32;
    %ix/vec4 4;
    %shiftl 4;
    %assign/vec4 v0000000001185520_0, 0;
    %jmp T_39.5;
T_39.4 ;
    %pushi/vec4 31, 0, 5;
    %assign/vec4 v0000000001185520_0, 0;
T_39.5 ;
T_39.3 ;
T_39.1 ;
    %jmp T_39;
    .thread T_39;
    .scope S_0000000001142630;
T_40 ;
    %wait E_0000000001126350;
    %load/vec4 v0000000001185b60_0;
    %nor/r;
    %flag_set/vec4 8;
    %jmp/0xz  T_40.0, 8;
    %pushi/vec4 0, 0, 1;
    %assign/vec4 v000000000111e120_0, 0;
    %jmp T_40.1;
T_40.0 ;
    %load/vec4 v0000000001184300_0;
    %dup/vec4;
    %pushi/vec4 2, 0, 3;
    %cmp/u;
    %jmp/1 T_40.2, 6;
    %dup/vec4;
    %pushi/vec4 3, 0, 3;
    %cmp/u;
    %jmp/1 T_40.3, 6;
    %dup/vec4;
    %pushi/vec4 4, 0, 3;
    %cmp/u;
    %jmp/1 T_40.4, 6;
    %pushi/vec4 0, 0, 1;
    %assign/vec4 v000000000111e120_0, 0;
    %jmp T_40.6;
T_40.2 ;
    %pushi/vec4 1, 0, 1;
    %assign/vec4 v000000000111e120_0, 0;
    %jmp T_40.6;
T_40.3 ;
    %pushi/vec4 1, 0, 1;
    %assign/vec4 v000000000111e120_0, 0;
    %jmp T_40.6;
T_40.4 ;
    %pushi/vec4 1, 0, 1;
    %assign/vec4 v000000000111e120_0, 0;
    %jmp T_40.6;
T_40.6 ;
    %pop/vec4 1;
T_40.1 ;
    %jmp T_40;
    .thread T_40;
    .scope S_0000000001142630;
T_41 ;
    %wait E_0000000001126350;
    %load/vec4 v0000000001185b60_0;
    %nor/r;
    %flag_set/vec4 8;
    %jmp/0xz  T_41.0, 8;
    %pushi/vec4 0, 0, 32;
    %store/vec4 v000000000111e440_0, 0, 32;
T_41.2 ;
    %load/vec4 v000000000111e440_0;
    %cmpi/s 5, 0, 32;
    %jmp/0xz T_41.3, 5;
    %pushi/vec4 0, 0, 12;
    %ix/load 5, 0, 0;
    %load/vec4 v000000000111e440_0;
    %muli 12, 0, 32;
    %ix/vec4/s 4;
    %assign/vec4/off/d v000000000111ea80_0, 4, 5;
    %load/vec4 v000000000111e440_0;
    %addi 1, 0, 32;
    %store/vec4 v000000000111e440_0, 0, 32;
    %jmp T_41.2;
T_41.3 ;
    %jmp T_41.1;
T_41.0 ;
    %load/vec4 v000000000111e120_0;
    %flag_set/vec4 8;
    %jmp/0xz  T_41.4, 8;
    %load/vec4 v0000000001184300_0;
    %dup/vec4;
    %pushi/vec4 2, 0, 3;
    %cmp/u;
    %jmp/1 T_41.6, 6;
    %dup/vec4;
    %pushi/vec4 3, 0, 3;
    %cmp/u;
    %jmp/1 T_41.7, 6;
    %pushi/vec4 0, 0, 60;
    %assign/vec4 v000000000111ea80_0, 0;
    %jmp T_41.9;
T_41.6 ;
    %load/vec4 v000000000111dfe0_0;
    %pad/u 32;
    %pushi/vec4 5, 0, 32;
    %mod;
    %dup/vec4;
    %pushi/vec4 1, 0, 32;
    %cmp/u;
    %jmp/1 T_41.10, 6;
    %dup/vec4;
    %pushi/vec4 2, 0, 32;
    %cmp/u;
    %jmp/1 T_41.11, 6;
    %dup/vec4;
    %pushi/vec4 3, 0, 32;
    %cmp/u;
    %jmp/1 T_41.12, 6;
    %dup/vec4;
    %pushi/vec4 4, 0, 32;
    %cmp/u;
    %jmp/1 T_41.13, 6;
    %dup/vec4;
    %pushi/vec4 0, 0, 32;
    %cmp/u;
    %jmp/1 T_41.14, 6;
    %pushi/vec4 0, 0, 60;
    %assign/vec4 v000000000111ea80_0, 0;
    %jmp T_41.16;
T_41.10 ;
    %load/vec4 v000000000111e4e0_0;
    %parti/s 12, 24, 6;
    %load/vec4 v000000000111e4e0_0;
    %parti/s 12, 36, 7;
    %concat/vec4; draw_concat_vec4
    %load/vec4 v000000000111e4e0_0;
    %parti/s 12, 48, 7;
    %concat/vec4; draw_concat_vec4
    %load/vec4 v000000000111e4e0_0;
    %parti/s 12, 0, 2;
    %concat/vec4; draw_concat_vec4
    %load/vec4 v000000000111e4e0_0;
    %parti/s 12, 12, 5;
    %concat/vec4; draw_concat_vec4
    %assign/vec4 v000000000111ea80_0, 0;
    %jmp T_41.16;
T_41.11 ;
    %load/vec4 v000000000111e4e0_0;
    %parti/s 12, 36, 7;
    %load/vec4 v000000000111e4e0_0;
    %parti/s 12, 48, 7;
    %concat/vec4; draw_concat_vec4
    %load/vec4 v000000000111e4e0_0;
    %parti/s 12, 0, 2;
    %concat/vec4; draw_concat_vec4
    %load/vec4 v000000000111e4e0_0;
    %parti/s 12, 12, 5;
    %concat/vec4; draw_concat_vec4
    %load/vec4 v000000000111e4e0_0;
    %parti/s 12, 24, 6;
    %concat/vec4; draw_concat_vec4
    %assign/vec4 v000000000111ea80_0, 0;
    %jmp T_41.16;
T_41.12 ;
    %load/vec4 v000000000111e4e0_0;
    %parti/s 12, 48, 7;
    %load/vec4 v000000000111e4e0_0;
    %parti/s 12, 0, 2;
    %concat/vec4; draw_concat_vec4
    %load/vec4 v000000000111e4e0_0;
    %parti/s 12, 12, 5;
    %concat/vec4; draw_concat_vec4
    %load/vec4 v000000000111e4e0_0;
    %parti/s 12, 24, 6;
    %concat/vec4; draw_concat_vec4
    %load/vec4 v000000000111e4e0_0;
    %parti/s 12, 36, 7;
    %concat/vec4; draw_concat_vec4
    %assign/vec4 v000000000111ea80_0, 0;
    %jmp T_41.16;
T_41.13 ;
    %load/vec4 v000000000111e4e0_0;
    %parti/s 12, 0, 2;
    %load/vec4 v000000000111e4e0_0;
    %parti/s 12, 12, 5;
    %concat/vec4; draw_concat_vec4
    %load/vec4 v000000000111e4e0_0;
    %parti/s 12, 24, 6;
    %concat/vec4; draw_concat_vec4
    %load/vec4 v000000000111e4e0_0;
    %parti/s 12, 36, 7;
    %concat/vec4; draw_concat_vec4
    %load/vec4 v000000000111e4e0_0;
    %parti/s 12, 48, 7;
    %concat/vec4; draw_concat_vec4
    %assign/vec4 v000000000111ea80_0, 0;
    %jmp T_41.16;
T_41.14 ;
    %load/vec4 v000000000111e4e0_0;
    %parti/s 12, 12, 5;
    %load/vec4 v000000000111e4e0_0;
    %parti/s 12, 24, 6;
    %concat/vec4; draw_concat_vec4
    %load/vec4 v000000000111e4e0_0;
    %parti/s 12, 36, 7;
    %concat/vec4; draw_concat_vec4
    %load/vec4 v000000000111e4e0_0;
    %parti/s 12, 48, 7;
    %concat/vec4; draw_concat_vec4
    %load/vec4 v000000000111e4e0_0;
    %parti/s 12, 0, 2;
    %concat/vec4; draw_concat_vec4
    %assign/vec4 v000000000111ea80_0, 0;
    %jmp T_41.16;
T_41.16 ;
    %pop/vec4 1;
    %jmp T_41.9;
T_41.7 ;
    %load/vec4 v000000000111dfe0_0;
    %pad/u 32;
    %pushi/vec4 5, 0, 32;
    %mod;
    %dup/vec4;
    %pushi/vec4 1, 0, 32;
    %cmp/u;
    %jmp/1 T_41.17, 6;
    %dup/vec4;
    %pushi/vec4 2, 0, 32;
    %cmp/u;
    %jmp/1 T_41.18, 6;
    %dup/vec4;
    %pushi/vec4 3, 0, 32;
    %cmp/u;
    %jmp/1 T_41.19, 6;
    %dup/vec4;
    %pushi/vec4 4, 0, 32;
    %cmp/u;
    %jmp/1 T_41.20, 6;
    %dup/vec4;
    %pushi/vec4 0, 0, 32;
    %cmp/u;
    %jmp/1 T_41.21, 6;
    %pushi/vec4 0, 0, 60;
    %assign/vec4 v000000000111ea80_0, 0;
    %jmp T_41.23;
T_41.17 ;
    %load/vec4 v000000000111e4e0_0;
    %parti/s 12, 24, 6;
    %load/vec4 v000000000111e4e0_0;
    %parti/s 12, 36, 7;
    %concat/vec4; draw_concat_vec4
    %load/vec4 v000000000111e4e0_0;
    %parti/s 12, 48, 7;
    %concat/vec4; draw_concat_vec4
    %load/vec4 v000000000111e4e0_0;
    %parti/s 12, 0, 2;
    %concat/vec4; draw_concat_vec4
    %load/vec4 v000000000111e4e0_0;
    %parti/s 12, 12, 5;
    %concat/vec4; draw_concat_vec4
    %assign/vec4 v000000000111ea80_0, 0;
    %jmp T_41.23;
T_41.18 ;
    %load/vec4 v000000000111e4e0_0;
    %parti/s 12, 36, 7;
    %load/vec4 v000000000111e4e0_0;
    %parti/s 12, 48, 7;
    %concat/vec4; draw_concat_vec4
    %load/vec4 v000000000111e4e0_0;
    %parti/s 12, 0, 2;
    %concat/vec4; draw_concat_vec4
    %load/vec4 v000000000111e4e0_0;
    %parti/s 12, 12, 5;
    %concat/vec4; draw_concat_vec4
    %load/vec4 v000000000111e4e0_0;
    %parti/s 12, 24, 6;
    %concat/vec4; draw_concat_vec4
    %assign/vec4 v000000000111ea80_0, 0;
    %jmp T_41.23;
T_41.19 ;
    %load/vec4 v000000000111e4e0_0;
    %parti/s 12, 48, 7;
    %load/vec4 v000000000111e4e0_0;
    %parti/s 12, 0, 2;
    %concat/vec4; draw_concat_vec4
    %load/vec4 v000000000111e4e0_0;
    %parti/s 12, 12, 5;
    %concat/vec4; draw_concat_vec4
    %load/vec4 v000000000111e4e0_0;
    %parti/s 12, 24, 6;
    %concat/vec4; draw_concat_vec4
    %load/vec4 v000000000111e4e0_0;
    %parti/s 12, 36, 7;
    %concat/vec4; draw_concat_vec4
    %assign/vec4 v000000000111ea80_0, 0;
    %jmp T_41.23;
T_41.20 ;
    %load/vec4 v000000000111e4e0_0;
    %parti/s 12, 0, 2;
    %load/vec4 v000000000111e4e0_0;
    %parti/s 12, 12, 5;
    %concat/vec4; draw_concat_vec4
    %load/vec4 v000000000111e4e0_0;
    %parti/s 12, 24, 6;
    %concat/vec4; draw_concat_vec4
    %load/vec4 v000000000111e4e0_0;
    %parti/s 12, 36, 7;
    %concat/vec4; draw_concat_vec4
    %load/vec4 v000000000111e4e0_0;
    %parti/s 12, 48, 7;
    %concat/vec4; draw_concat_vec4
    %assign/vec4 v000000000111ea80_0, 0;
    %jmp T_41.23;
T_41.21 ;
    %load/vec4 v000000000111e4e0_0;
    %parti/s 12, 12, 5;
    %load/vec4 v000000000111e4e0_0;
    %parti/s 12, 24, 6;
    %concat/vec4; draw_concat_vec4
    %load/vec4 v000000000111e4e0_0;
    %parti/s 12, 36, 7;
    %concat/vec4; draw_concat_vec4
    %load/vec4 v000000000111e4e0_0;
    %parti/s 12, 48, 7;
    %concat/vec4; draw_concat_vec4
    %load/vec4 v000000000111e4e0_0;
    %parti/s 12, 0, 2;
    %concat/vec4; draw_concat_vec4
    %assign/vec4 v000000000111ea80_0, 0;
    %jmp T_41.23;
T_41.23 ;
    %pop/vec4 1;
    %jmp T_41.9;
T_41.9 ;
    %pop/vec4 1;
    %jmp T_41.5;
T_41.4 ;
    %pushi/vec4 0, 0, 60;
    %assign/vec4 v000000000111ea80_0, 0;
T_41.5 ;
T_41.1 ;
    %jmp T_41;
    .thread T_41;
    .scope S_0000000001142630;
T_42 ;
    %wait E_0000000001126350;
    %load/vec4 v0000000001185b60_0;
    %nor/r;
    %flag_set/vec4 8;
    %jmp/0xz  T_42.0, 8;
    %pushi/vec4 0, 0, 12;
    %assign/vec4 v000000000111ee40_0, 0;
    %jmp T_42.1;
T_42.0 ;
    %load/vec4 v0000000001184300_0;
    %dup/vec4;
    %pushi/vec4 4, 0, 3;
    %cmp/u;
    %jmp/1 T_42.2, 6;
    %pushi/vec4 0, 0, 12;
    %assign/vec4 v000000000111ee40_0, 0;
    %jmp T_42.4;
T_42.2 ;
    %load/vec4 v000000000111dfe0_0;
    %pad/u 32;
    %pushi/vec4 5, 0, 32;
    %mod;
    %dup/vec4;
    %pushi/vec4 0, 0, 32;
    %cmp/u;
    %jmp/1 T_42.5, 6;
    %dup/vec4;
    %pushi/vec4 1, 0, 32;
    %cmp/u;
    %jmp/1 T_42.6, 6;
    %dup/vec4;
    %pushi/vec4 2, 0, 32;
    %cmp/u;
    %jmp/1 T_42.7, 6;
    %pushi/vec4 0, 0, 12;
    %assign/vec4 v000000000111ee40_0, 0;
    %jmp T_42.9;
T_42.5 ;
    %load/vec4 v000000000111e580_0;
    %pad/u 32;
    %cmpi/u 2, 0, 32;
    %jmp/0xz  T_42.10, 5;
    %ix/load 4, 1, 0;
    %flag_set/imm 4, 0;
    %load/vec4a v000000000111d180, 4;
    %parti/s 12, 24, 6;
    %assign/vec4 v000000000111ee40_0, 0;
    %jmp T_42.11;
T_42.10 ;
    %ix/load 4, 1, 0;
    %flag_set/imm 4, 0;
    %load/vec4a v000000000111d180, 4;
    %parti/s 12, 36, 7;
    %assign/vec4 v000000000111ee40_0, 0;
T_42.11 ;
    %jmp T_42.9;
T_42.6 ;
    %load/vec4 v000000000111e580_0;
    %pad/u 32;
    %cmpi/u 2, 0, 32;
    %jmp/0xz  T_42.12, 5;
    %ix/load 4, 1, 0;
    %flag_set/imm 4, 0;
    %load/vec4a v000000000111d180, 4;
    %parti/s 12, 36, 7;
    %assign/vec4 v000000000111ee40_0, 0;
    %jmp T_42.13;
T_42.12 ;
    %ix/load 4, 1, 0;
    %flag_set/imm 4, 0;
    %load/vec4a v000000000111d180, 4;
    %parti/s 12, 48, 7;
    %assign/vec4 v000000000111ee40_0, 0;
T_42.13 ;
    %jmp T_42.9;
T_42.7 ;
    %load/vec4 v000000000111e580_0;
    %pad/u 32;
    %cmpi/u 2, 0, 32;
    %jmp/0xz  T_42.14, 5;
    %ix/load 4, 1, 0;
    %flag_set/imm 4, 0;
    %load/vec4a v000000000111d180, 4;
    %parti/s 12, 48, 7;
    %assign/vec4 v000000000111ee40_0, 0;
T_42.14 ;
    %jmp T_42.9;
T_42.9 ;
    %pop/vec4 1;
    %jmp T_42.4;
T_42.4 ;
    %pop/vec4 1;
T_42.1 ;
    %jmp T_42;
    .thread T_42;
    .scope S_00000000011424a0;
T_43 ;
    %pushi/vec4 0, 0, 32;
    %store/vec4 v0000000001185c00_0, 0, 32;
    %end;
    .thread T_43;
    .scope S_00000000011424a0;
T_44 ;
    %delay 10000, 0;
    %load/vec4 v0000000001185fc0_0;
    %inv;
    %store/vec4 v0000000001185fc0_0, 0, 1;
    %jmp T_44;
    .thread T_44;
    .scope S_00000000011424a0;
T_45 ;
    %pushi/vec4 0, 0, 1;
    %store/vec4 v0000000001185fc0_0, 0, 1;
    %pushi/vec4 0, 0, 1;
    %store/vec4 v00000000011861a0_0, 0, 1;
    %pushi/vec4 0, 0, 1;
    %store/vec4 v0000000001185020_0, 0, 1;
    %pushi/vec4 0, 0, 1;
    %store/vec4 v0000000001185f20_0, 0, 1;
    %end;
    .thread T_45;
    .scope S_00000000011424a0;
T_46 ;
    %vpi_call 2 45 "$readmemh", "test.hex", v0000000001185e80, 32'sb00000000000000000000000000000000, 32'sb00000000000111111010001111111111 {0 0 0};
    %end;
    .thread T_46;
    .scope S_00000000011424a0;
T_47 ;
    %delay 100000, 0;
    %pushi/vec4 1, 0, 1;
    %store/vec4 v00000000011861a0_0, 0, 1;
    %delay 100000, 0;
    %pushi/vec4 1, 0, 1;
    %store/vec4 v0000000001185020_0, 0, 1;
    %delay 20000, 0;
    %pushi/vec4 1, 0, 1;
    %store/vec4 v0000000001185f20_0, 0, 1;
    %end;
    .thread T_47;
    .scope S_00000000011424a0;
T_48 ;
    %delay 220000, 0;
    %pushi/vec4 2073600, 0, 32;
T_48.0 %dup/vec4;
    %pushi/vec4 0, 0, 32;
    %cmp/s;
    %jmp/1xz T_48.1, 5;
    %jmp/1 T_48.1, 4;
    %pushi/vec4 1, 0, 32;
    %sub;
    %wait E_0000000001125490;
    %ix/getv/s 4, v0000000001185c00_0;
    %load/vec4a v0000000001185e80, 4;
    %store/vec4 v0000000001184f80_0, 0, 12;
    %load/vec4 v0000000001185c00_0;
    %addi 1, 0, 32;
    %store/vec4 v0000000001185c00_0, 0, 32;
    %jmp T_48.0;
T_48.1 ;
    %pop/vec4 1;
    %end;
    .thread T_48;
    .scope S_00000000011424a0;
T_49 ;
    %vpi_call 2 68 "$dumpfile", "./build_sp_sram_controller/wave.vcd" {0 0 0};
    %vpi_call 2 69 "$dumpvars", 32'sb00000000000000000000000000000000, S_00000000011424a0 {0 0 0};
    %delay 1000000000, 0;
    %vpi_call 2 70 "$finish" {0 0 0};
    %end;
    .thread T_49;
# The file index is used to find the file name in the following table.
:file_names 5;
    "N/A";
    "<interactive>";
    "./tb_sram_controller.v";
    "./sram_controller.v";
    "./sram.v";
